  extra             pKa/Em  n(slope) 1000*chi2
NTR+B3614_         Titration out of range
LYS+B3614_         Titration out of range
LYS+B3616_         Titration out of range
LYS+B3617_         Titration out of range
HIS+B3621_         Titration out of range
LYS+B3622_         Titration out of range
LYS+B3626_         Titration out of range
ARG+B3628_         Titration out of range
ARG+B3629_         Titration out of range
ARG+B3630_         Titration out of range
CYS-B3635_         Titration out of range
ARG+B3637_         Titration out of range
TYR-B3642_         Titration out of range
HIS+B3647_         Titration out of range
ARG+B3648_         Titration out of range
CYS-B3650_         Titration out of range
GLU-B3655_         Titration out of range
TYR-B3657_         Titration out of range
LYS+B3658_         Titration out of range
GLU-B3665_         Titration out of range
ASP-B3666_         Titration out of range
HIS+B3667_         Titration out of range
GLU-B3670_         Titration out of range
ASP-B3671_         Titration out of range
ARG+B3672_         Titration out of range
ASP-B3675_         Titration out of range
ASP-B3676_         Titration out of range
LYS+B3679_         Titration out of range
GLU-B3682_         Titration out of range
GLU-B3684_         Titration out of range
GLU-B3685_         Titration out of range
GLU-B3686_         Titration out of range
GLU-B3687_         Titration out of range
GLU-B3688_         Titration out of range
GLU-B3689_         Titration out of range
GLU-B3691_         Titration out of range
GLU-B3692_         Titration out of range
LYS+B3693_         Titration out of range
LYS+B3694_         Titration out of range
ASP-B3696_         Titration out of range
HIS+B3699_         Titration out of range
HIS+B3704_         Titration out of range
ARG+B3707_         Titration out of range
GLU-B3712_         Titration out of range
LYS+B3713_         Titration out of range
LYS+B3715_         Titration out of range
ASP-B3717_         Titration out of range
GLU-B3718_         Titration out of range
ASP-B3719_         Titration out of range
TYR-B3720_         Titration out of range
TYR-B3722_         Titration out of range
TYR-B3725_         Titration out of range
ASP-B3727_         Titration out of range
LYS+B3731_         Titration out of range
CYS-B3733_         Titration out of range
HIS+B3734_         Titration out of range
GLU-B3736_         Titration out of range
GLU-B3737_         Titration out of range
GLU-B3740_         Titration out of range
CTR-B3741_         Titration out of range
NTR+B3747_         Titration out of range
GLU-B3747_         Titration out of range
GLU-B3748_         Titration out of range
GLU-B3750_         Titration out of range
GLU-B3754_         Titration out of range
GLU-B3755_         Titration out of range
LYS+B3756_         Titration out of range
GLU-B3757_         Titration out of range
GLU-B3759_         Titration out of range
LYS+B3760_         Titration out of range
ARG+B3762_         Titration out of range
TYR-B3765_         Titration out of range
ARG+B3769_         Titration out of range
HIS+B3771_         Titration out of range
ARG+B3773_         Titration out of range
GLU-B3777_         Titration out of range
CYS-B3786_         Titration out of range
LYS+B3787_         Titration out of range
GLU-B3789_         Titration out of range
LYS+B3799_         Titration out of range
GLU-B3811_         Titration out of range
LYS+B3815_         Titration out of range
ASP-B3818_         Titration out of range
TYR-B3819_         Titration out of range
LYS+B3821_         Titration out of range
ASP-B3822_         Titration out of range
LYS+B3823_         Titration out of range
LYS+B3824_         Titration out of range
GLU-B3825_         Titration out of range
CYS-B3839_         Titration out of range
ASP-B3843_         Titration out of range
GLU-B3848_         Titration out of range
ARG+B3849_         Titration out of range
LYS+B3852_         Titration out of range
GLU-B3854_         Titration out of range
GLU-B3861_         Titration out of range
ASP-B3862_         Titration out of range
ARG+B3868_         Titration out of range
GLU-B3872_         Titration out of range
LYS+B3873_         Titration out of range
ASP-B3877_         Titration out of range
ASP-B3878_         Titration out of range
GLU-B3879_         Titration out of range
ASP-B3883_         Titration out of range
ARG+B3886_         Titration out of range
CYS-B3892_         Titration out of range
GLU-B3893_       -3.926     0.926     9.295
HIS+B3895_         Titration out of range
ASP-B3898_         Titration out of range
TYR-B3902_         Titration out of range
ARG+B3904_         Titration out of range
CYS-B3918_         Titration out of range
ASP-B3921_         Titration out of range
TYR-B3922_         Titration out of range
ARG+B3925_         Titration out of range
GLU-B3928_         Titration out of range
ASP-B3932_         Titration out of range
TYR-B3934_         Titration out of range
TYR-B3936_         Titration out of range
TYR-B3937_         Titration out of range
LYS+B3940_         Titration out of range
ASP-B3941_         Titration out of range
GLU-B3944_         Titration out of range
GLU-B3945_         Titration out of range
LYS+B3948_         Titration out of range
ARG+B3949_         Titration out of range
LYS+B3953_         Titration out of range
LYS+B3959_         Titration out of range
GLU-B3967_       -3.925     0.927     9.162
TYR-B3968_         Titration out of range
CYS-B3973_         Titration out of range
HIS+B3982_         Titration out of range
ARG+B3984_         Titration out of range
ASP-B3987_         Titration out of range
HIS+B3994_         Titration out of range
HIS+B3998_         Titration out of range
LYS+B4002_         Titration out of range
ASP-B4006_         Titration out of range
GLU-B4011_         Titration out of range
LYS+B4014_         Titration out of range
GLU-B4015_         Titration out of range
ASP-B4018_         Titration out of range
LYS+B4021_         Titration out of range
ASP-B4022_         Titration out of range
GLU-B4032_         Titration out of range
ARG+B4042_         Titration out of range
ASP-B4046_         Titration out of range
GLU-B4050_         Titration out of range
GLU-B4056_         Titration out of range
LYS+B4060_         Titration out of range
ASP-B4063_         Titration out of range
LYS+B4067_         Titration out of range
LYS+B4069_         Titration out of range
ASP-B4070_         Titration out of range
GLU-B4075_         Titration out of range
ASP-B4079_         Titration out of range
TYR-B4080_         Titration out of range
ASP-B4083_         Titration out of range
ARG+B4085_         Titration out of range
LYS+B4090_         Titration out of range
LYS+B4091_         Titration out of range
ASP-B4092_         Titration out of range
LYS+B4095_         Titration out of range
ASP-B4098_         Titration out of range
LYS+B4101_         Titration out of range
GLU-B4107_         Titration out of range
CYS-B4114_         Titration out of range
GLU-B4116_         Titration out of range
ASP-B4118_         Titration out of range
GLU-B4119_         Titration out of range
GLU-B4121_         Titration out of range
GLU-B4126_         Titration out of range
GLU-B4127_         Titration out of range
ARG+B4131_         Titration out of range
GLU-B4134_         Titration out of range
CTR-B4135_         Titration out of range
NTR+B4136_         Titration out of range
ARG+B4137_         Titration out of range
ASP-B4138_         Titration out of range
GLU-B4152_         Titration out of range
HIS+B4153_         Titration out of range
HIS+B4156_         Titration out of range
ASP-B4157_         Titration out of range
ARG+B4159_         Titration out of range
ARG+B4161_         Titration out of range
GLU-B4165_         Titration out of range
GLU-B4168_         Titration out of range
GLU-B4172_         Titration out of range
TYR-B4173_         Titration out of range
ARG+B4175_         Titration out of range
CTR-B4176_         Titration out of range
NTR+B4177_         Titration out of range
TYR-B4177_         Titration out of range
ARG+B4180_         Titration out of range
GLU-B4182_         Titration out of range
ARG+B4188_         Titration out of range
ARG+B4189_         Titration out of range
GLU-B4191_         Titration out of range
ARG+B4192_         Titration out of range
TYR-B4194_         Titration out of range
GLU-B4196_         Titration out of range
GLU-B4199_         Titration out of range
ARG+B4202_         Titration out of range
GLU-B4206_         Titration out of range
LYS+B4211_         Titration out of range
GLU-B4212_         Titration out of range
LYS+B4214_         Titration out of range
ARG+B4215_         Titration out of range
ASP-B4220_         Titration out of range
GLU-B4224_         Titration out of range
GLU-B4227_         Titration out of range
GLU-B4229_         Titration out of range
LYS+B4230_         Titration out of range
GLU-B4232_         Titration out of range
CYS-B4238_         Titration out of range
GLU-B4239_         Titration out of range
ASP-B4240_         Titration out of range
GLU-B4244_         Titration out of range
GLU-B4253_         Titration out of range
CTR-B4253_         Titration out of range
NTR+B4540_         Titration out of range
GLU-B4543_         Titration out of range
GLU-B4545_         Titration out of range
ARG+B4548_         Titration out of range
LYS+B4550_         Titration out of range
TYR-B4554_         Titration out of range
ARG+B4557_         Titration out of range
TYR-B4560_         Titration out of range
ARG+B4563_         Titration out of range
TYR-B4580_         Titration out of range
LYS+B4581_         Titration out of range
ASP-B4584_         Titration out of range
CTR-B4587_         Titration out of range
NTR+B4626_         Titration out of range
TYR-B4629_         Titration out of range
TYR-B4630_         Titration out of range
GLU-B4633_         Titration out of range
GLU-B4634_         Titration out of range
TYR-B4638_         Titration out of range
GLU-B4640_         Titration out of range
CYS-B4645_         Titration out of range
HIS+B4650_         Titration out of range
CYS-B4657_         Titration out of range
TYR-B4661_         Titration out of range
CYS-B4663_         Titration out of range
LYS+B4665_         Titration out of range
LYS+B4672_         Titration out of range
ARG+B4673_         Titration out of range
GLU-B4674_         Titration out of range
LYS+B4675_         Titration out of range
GLU-B4676_         Titration out of range
ARG+B4679_         Titration out of range
LYS+B4680_         Titration out of range
GLU-B4682_         Titration out of range
ASP-B4684_         Titration out of range
TYR-B4687_         Titration out of range
GLU-B4690_         Titration out of range
ASP-B4694_         Titration out of range
ASP-B4695_         Titration out of range
ASP-B4696_         Titration out of range
LYS+B4698_         Titration out of range
ASP-B4702_         Titration out of range
ARG+B4703_         Titration out of range
TYR-B4715_         Titration out of range
ASP-B4717_         Titration out of range
LYS+B4718_         Titration out of range
LYS+B4721_         Titration out of range
ARG+B4722_         Titration out of range
LYS+B4723_         Titration out of range
ASP-B4726_         Titration out of range
LYS+B4727_         Titration out of range
HIS+B4728_         Titration out of range
ASP-B4730_         Titration out of range
ARG+B4734_         Titration out of range
GLU-B4735_         Titration out of range
ARG+B4736_         Titration out of range
GLU-B4739_         Titration out of range
ASP-B4744_         Titration out of range
GLU-B4749_         Titration out of range
HIS+B4753_         Titration out of range
GLU-B4755_         Titration out of range
ARG+B4756_         Titration out of range
LYS+B4757_         Titration out of range
ASP-B4759_         Titration out of range
ASP-B4772_         Titration out of range
LYS+B4774_         Titration out of range
TYR-B4775_         Titration out of range
LYS+B4779_         Titration out of range
ASP-B4786_         Titration out of range
TYR-B4791_         Titration out of range
TYR-B4795_         Titration out of range
HIS+B4803_         Titration out of range
TYR-B4804_         Titration out of range
HIS+B4812_         Titration out of range
ASP-B4815_         Titration out of range
LYS+B4821_         Titration out of range
ARG+B4824_         Titration out of range
HIS+B4832_         Titration out of range
LYS+B4835_         Titration out of range
TYR-B4849_         Titration out of range
TYR-B4851_         Titration out of range
ARG+B4860_         Titration out of range
LYS+B4861_         Titration out of range
TYR-B4863_         Titration out of range
LYS+B4865_         Titration out of range
GLU-B4867_         Titration out of range
ASP-B4868_         Titration out of range
GLU-B4869_         Titration out of range
ASP-B4870_         Titration out of range
GLU-B4871_         Titration out of range
ASP-B4873_         Titration out of range
LYS+B4875_         Titration out of range
CYS-B4876_         Titration out of range
ASP-B4877_         Titration out of range
ASP-B4878_         Titration out of range
CYS-B4882_         Titration out of range
TYR-B4883_         Titration out of range
HIS+B4886_         Titration out of range
TYR-B4888_         Titration out of range
ARG+B4892_         Titration out of range
ASP-B4899_         Titration out of range
GLU-B4900_         Titration out of range
GLU-B4902_         Titration out of range
ASP-B4903_         Titration out of range
ASP-B4907_         Titration out of range
GLU-B4908_         Titration out of range
TYR-B4909_         Titration out of range
GLU-B4910_         Titration out of range
TYR-B4912_         Titration out of range
ARG+B4913_         Titration out of range
ASP-B4917_         Titration out of range
CTR-B4933_         Titration out of range
NTG+B4934_         Titration out of range
ASP-B4938_         Titration out of range
GLU-B4942_         Titration out of range
ARG+B4944_         Titration out of range
ASP-B4945_         Titration out of range
GLU-B4948_         Titration out of range
LYS+B4951_         Titration out of range
GLU-B4952_         Titration out of range
ASP-B4953_         Titration out of range
GLU-B4955_         Titration out of range
CTR-B4956_         Titration out of range
NTR+B4957_         Titration out of range
LYS+B4957_         Titration out of range
ASP-B4966_         Titration out of range
TYR-B4967_         Titration out of range
ASP-B4969_         Titration out of range
HIS+B4973_         Titration out of range
GLU-B4976_         Titration out of range
HIS+B4978_         Titration out of range
GLU-B4981_         Titration out of range
GLU-B4982_         Titration out of range
HIS+B4983_         Titration out of range
TYR-B4988_         Titration out of range
TYR-B4994_         Titration out of range
LYS+B4998_         Titration out of range
ASP-B4999_         Titration out of range
GLU-B5000_         Titration out of range
GLU-B5002_         Titration out of range
HIS+B5003_         Titration out of range
GLU-B5007_         Titration out of range
TYR-B5009_         Titration out of range
LYS+B5012_         Titration out of range
TYR-B5014_         Titration out of range
GLU-B5016_         Titration out of range
ARG+B5017_         Titration out of range
CYS-B5018_         Titration out of range
ASP-B5020_         Titration out of range
ASP-B5026_         Titration out of range
CYS-B5027_         Titration out of range
ARG+B5029_         Titration out of range
LYS+B5030_         Titration out of range
TYR-B5032_         Titration out of range
GLU-B5033_         Titration out of range
ASP-B5034_         Titration out of range
CTR-B5037_         Titration out of range
_CA+B7000_       -3.923     0.927     9.160
