NTR B3614_ R f 00 S f  0.0 H f 00 M 000
LYS B3614_ R f 00 S f  0.0 H f 00 M 000
SER B3615_ R f 00 S f  0.0 H f 00 M 000
LYS B3616_ R f 00 S f  0.0 H f 00 M 000
LYS B3617_ R f 00 S f  0.0 H f 00 M 000
ALA B3618_ R f 00 S f  0.0 H f 00 M 000
VAL B3619_ R f 00 S f  0.0 H f 00 M 000
TRP B3620_ R f 00 S f  0.0 H f 00 M 000
HIS B3621_ R f 00 S f  0.0 H f 00 M 000
LYS B3622_ R f 00 S f  0.0 H f 00 M 000
LEU B3623_ R f 00 S f  0.0 H f 00 M 000
LEU B3624_ R f 00 S f  0.0 H f 00 M 000
SER B3625_ R f 00 S f  0.0 H f 00 M 000
LYS B3626_ R f 00 S f  0.0 H f 00 M 000
GLN B3627_ R f 00 S f  0.0 H f 00 M 000
ARG B3628_ R f 00 S f  0.0 H f 00 M 000
ARG B3629_ R f 00 S f  0.0 H f 00 M 000
ARG B3630_ R f 00 S f  0.0 H f 00 M 000
ALA B3631_ R f 00 S f  0.0 H f 00 M 000
VAL B3632_ R f 00 S f  0.0 H f 00 M 000
VAL B3633_ R f 00 S f  0.0 H f 00 M 000
ALA B3634_ R f 00 S f  0.0 H f 00 M 000
CYS B3635_ R f 00 S f  0.0 H f 00 M 000
PHE B3636_ R f 00 S f  0.0 H f 00 M 000
ARG B3637_ R f 00 S f  0.0 H f 00 M 000
MET B3638_ R f 00 S f  0.0 H f 00 M 000
THR B3639_ R f 00 S f  0.0 H f 00 M 000
PRO B3640_ R f 00 S f  0.0 H f 00 M 000
LEU B3641_ R f 00 S f  0.0 H f 00 M 000
TYR B3642_ R f 00 S f  0.0 H f 00 M 000
ASN B3643_ R f 00 S f  0.0 H f 00 M 000
LEU B3644_ R f 00 S f  0.0 H f 00 M 000
PRO B3645_ R f 00 S f  0.0 H f 00 M 000
THR B3646_ R f 00 S f  0.0 H f 00 M 000
HIS B3647_ R f 00 S f  0.0 H f 00 M 000
ARG B3648_ R f 00 S f  0.0 H f 00 M 000
ALA B3649_ R f 00 S f  0.0 H f 00 M 000
CYS B3650_ R f 00 S f  0.0 H f 00 M 000
ASN B3651_ R f 00 S f  0.0 H f 00 M 000
MET B3652_ R f 00 S f  0.0 H f 00 M 000
PHE B3653_ R f 00 S f  0.0 H f 00 M 000
LEU B3654_ R f 00 S f  0.0 H f 00 M 000
GLU B3655_ R f 00 S f  0.0 H f 00 M 000
SER B3656_ R f 00 S f  0.0 H f 00 M 000
TYR B3657_ R f 00 S f  0.0 H f 00 M 000
LYS B3658_ R f 00 S f  0.0 H f 00 M 000
ALA B3659_ R f 00 S f  0.0 H f 00 M 000
ALA B3660_ R f 00 S f  0.0 H f 00 M 000
TRP B3661_ R f 00 S f  0.0 H f 00 M 000
ILE B3662_ R f 00 S f  0.0 H f 00 M 000
LEU B3663_ R f 00 S f  0.0 H f 00 M 000
THR B3664_ R f 00 S f  0.0 H f 00 M 000
GLU B3665_ R f 00 S f  0.0 H f 00 M 000
ASP B3666_ R f 00 S f  0.0 H f 00 M 000
HIS B3667_ R f 00 S f  0.0 H f 00 M 000
SER B3668_ R f 00 S f  0.0 H f 00 M 000
PHE B3669_ R f 00 S f  0.0 H f 00 M 000
GLU B3670_ R f 00 S f  0.0 H f 00 M 000
ASP B3671_ R f 00 S f  0.0 H f 00 M 000
ARG B3672_ R f 00 S f  0.0 H f 00 M 000
MET B3673_ R f 00 S f  0.0 H f 00 M 000
ILE B3674_ R f 00 S f  0.0 H f 00 M 000
ASP B3675_ R f 00 S f  0.0 H f 00 M 000
ASP B3676_ R f 00 S f  0.0 H f 00 M 000
LEU B3677_ R f 00 S f  0.0 H f 00 M 000
SER B3678_ R f 00 S f  0.0 H f 00 M 000
LYS B3679_ R f 00 S f  0.0 H f 00 M 000
ALA B3680_ R f 00 S f  0.0 H f 00 M 000
GLY B3681_ R f 00 S f  0.0 H f 00 M 000
GLU B3682_ R f 00 S f  0.0 H f 00 M 000
GLN B3683_ R f 00 S f  0.0 H f 00 M 000
GLU B3684_ R f 00 S f  0.0 H f 00 M 000
GLU B3685_ R f 00 S f  0.0 H f 00 M 000
GLU B3686_ R f 00 S f  0.0 H f 00 M 000
GLU B3687_ R f 00 S f  0.0 H f 00 M 000
GLU B3688_ R f 00 S f  0.0 H f 00 M 000
GLU B3689_ R f 00 S f  0.0 H f 00 M 000
VAL B3690_ R f 00 S f  0.0 H f 00 M 000
GLU B3691_ R f 00 S f  0.0 H f 00 M 000
GLU B3692_ R f 00 S f  0.0 H f 00 M 000
LYS B3693_ R f 00 S f  0.0 H f 00 M 000
LYS B3694_ R f 00 S f  0.0 H f 00 M 000
PRO B3695_ R f 00 S f  0.0 H f 00 M 000
ASP B3696_ R f 00 S f  0.0 H f 00 M 000
PRO B3697_ R f 00 S f  0.0 H f 00 M 000
LEU B3698_ R f 00 S f  0.0 H f 00 M 000
HIS B3699_ R f 00 S f  0.0 H f 00 M 000
GLN B3700_ R f 00 S f  0.0 H f 00 M 000
LEU B3701_ R f 00 S f  0.0 H f 00 M 000
VAL B3702_ R f 00 S f  0.0 H f 00 M 000
LEU B3703_ R f 00 S f  0.0 H f 00 M 000
HIS B3704_ R f 00 S f  0.0 H f 00 M 000
PHE B3705_ R f 00 S f  0.0 H f 00 M 000
SER B3706_ R f 00 S f  0.0 H f 00 M 000
ARG B3707_ R f 00 S f  0.0 H f 00 M 000
THR B3708_ R f 00 S f  0.0 H f 00 M 000
ALA B3709_ R f 00 S f  0.0 H f 00 M 000
LEU B3710_ R f 00 S f  0.0 H f 00 M 000
THR B3711_ R f 00 S f  0.0 H f 00 M 000
GLU B3712_ R f 00 S f  0.0 H f 00 M 000
LYS B3713_ R f 00 S f  0.0 H f 00 M 000
SER B3714_ R f 00 S f  0.0 H f 00 M 000
LYS B3715_ R f 00 S f  0.0 H f 00 M 000
LEU B3716_ R f 00 S f  0.0 H f 00 M 000
ASP B3717_ R f 00 S f  0.0 H f 00 M 000
GLU B3718_ R f 00 S f  0.0 H f 00 M 000
ASP B3719_ R f 00 S f  0.0 H f 00 M 000
TYR B3720_ R f 00 S f  0.0 H f 00 M 000
LEU B3721_ R f 00 S f  0.0 H f 00 M 000
TYR B3722_ R f 00 S f  0.0 H f 00 M 000
MET B3723_ R f 00 S f  0.0 H f 00 M 000
ALA B3724_ R f 00 S f  0.0 H f 00 M 000
TYR B3725_ R f 00 S f  0.0 H f 00 M 000
ALA B3726_ R f 00 S f  0.0 H f 00 M 000
ASP B3727_ R f 00 S f  0.0 H f 00 M 000
ILE B3728_ R f 00 S f  0.0 H f 00 M 000
MET B3729_ R f 00 S f  0.0 H f 00 M 000
ALA B3730_ R f 00 S f  0.0 H f 00 M 000
LYS B3731_ R f 00 S f  0.0 H f 00 M 000
SER B3732_ R f 00 S f  0.0 H f 00 M 000
CYS B3733_ R f 00 S f  0.0 H f 00 M 000
HIS B3734_ R f 00 S f  0.0 H f 00 M 000
LEU B3735_ R f 00 S f  0.0 H f 00 M 000
GLU B3736_ R f 00 S f  0.0 H f 00 M 000
GLU B3737_ R f 00 S f  0.0 H f 00 M 000
GLY B3738_ R f 00 S f  0.0 H f 00 M 000
GLY B3739_ R f 00 S f  0.0 H f 00 M 000
GLU B3740_ R f 00 S f  0.0 H f 00 M 000
ASN B3741_ R f 00 S f  0.0 H f 00 M 000
CTR B3741_ R f 00 S f  0.0 H f 00 M 000
NTR B3747_ R f 00 S f  0.0 H f 00 M 000
GLU B3747_ R f 00 S f  0.0 H f 00 M 000
GLU B3748_ R f 00 S f  0.0 H f 00 M 000
VAL B3749_ R f 00 S f  0.0 H f 00 M 000
GLU B3750_ R f 00 S f  0.0 H f 00 M 000
VAL B3751_ R f 00 S f  0.0 H f 00 M 000
SER B3752_ R f 00 S f  0.0 H f 00 M 000
PHE B3753_ R f 00 S f  0.0 H f 00 M 000
GLU B3754_ R f 00 S f  0.0 H f 00 M 000
GLU B3755_ R f 00 S f  0.0 H f 00 M 000
LYS B3756_ R f 00 S f  0.0 H f 00 M 000
GLU B3757_ R f 00 S f  0.0 H f 00 M 000
MET B3758_ R f 00 S f  0.0 H f 00 M 000
GLU B3759_ R f 00 S f  0.0 H f 00 M 000
LYS B3760_ R f 00 S f  0.0 H f 00 M 000
GLN B3761_ R f 00 S f  0.0 H f 00 M 000
ARG B3762_ R f 00 S f  0.0 H f 00 M 000
LEU B3763_ R f 00 S f  0.0 H f 00 M 000
LEU B3764_ R f 00 S f  0.0 H f 00 M 000
TYR B3765_ R f 00 S f  0.0 H f 00 M 000
GLN B3766_ R f 00 S f  0.0 H f 00 M 000
GLN B3767_ R f 00 S f  0.0 H f 00 M 000
SER B3768_ R f 00 S f  0.0 H f 00 M 000
ARG B3769_ R f 00 S f  0.0 H f 00 M 000
LEU B3770_ R f 00 S f  0.0 H f 00 M 000
HIS B3771_ R f 00 S f  0.0 H f 00 M 000
THR B3772_ R f 00 S f  0.0 H f 00 M 000
ARG B3773_ R f 00 S f  0.0 H f 00 M 000
GLY B3774_ R f 00 S f  0.0 H f 00 M 000
ALA B3775_ R f 00 S f  0.0 H f 00 M 000
ALA B3776_ R f 00 S f  0.0 H f 00 M 000
GLU B3777_ R f 00 S f  0.0 H f 00 M 000
MET B3778_ R f 00 S f  0.0 H f 00 M 000
VAL B3779_ R f 00 S f  0.0 H f 00 M 000
LEU B3780_ R f 00 S f  0.0 H f 00 M 000
GLN B3781_ R f 00 S f  0.0 H f 00 M 000
MET B3782_ R f 00 S f  0.0 H f 00 M 000
ILE B3783_ R f 00 S f  0.0 H f 00 M 000
SER B3784_ R f 00 S f  0.0 H f 00 M 000
ALA B3785_ R f 00 S f  0.0 H f 00 M 000
CYS B3786_ R f 00 S f  0.0 H f 00 M 000
LYS B3787_ R f 00 S f  0.0 H f 00 M 000
GLY B3788_ R f 00 S f  0.0 H f 00 M 000
GLU B3789_ R f 00 S f  0.0 H f 00 M 000
THR B3790_ R f 00 S f  0.0 H f 00 M 000
GLY B3791_ R f 00 S f  0.0 H f 00 M 000
ALA B3792_ R f 00 S f  0.0 H f 00 M 000
MET B3793_ R f 00 S f  0.0 H f 00 M 000
VAL B3794_ R f 00 S f  0.0 H f 00 M 000
SER B3795_ R f 00 S f  0.0 H f 00 M 000
SER B3796_ R f 00 S f  0.0 H f 00 M 000
THR B3797_ R f 00 S f  0.0 H f 00 M 000
LEU B3798_ R f 00 S f  0.0 H f 00 M 000
LYS B3799_ R f 00 S f  0.0 H f 00 M 000
LEU B3800_ R f 00 S f  0.0 H f 00 M 000
GLY B3801_ R f 00 S f  0.0 H f 00 M 000
ILE B3802_ R f 00 S f  0.0 H f 00 M 000
SER B3803_ R f 00 S f  0.0 H f 00 M 000
ILE B3804_ R f 00 S f  0.0 H f 00 M 000
LEU B3805_ R f 00 S f  0.0 H f 00 M 000
ASN B3806_ R f 00 S f  0.0 H f 00 M 000
GLY B3807_ R f 00 S f  0.0 H f 00 M 000
GLY B3808_ R f 00 S f  0.0 H f 00 M 000
ASN B3809_ R f 00 S f  0.0 H f 00 M 000
ALA B3810_ R f 00 S f  0.0 H f 00 M 000
GLU B3811_ R f 00 S f  0.0 H f 00 M 000
VAL B3812_ R f 00 S f  0.0 H f 00 M 000
GLN B3813_ R f 00 S f  0.0 H f 00 M 000
GLN B3814_ R f 00 S f  0.0 H f 00 M 000
LYS B3815_ R f 00 S f  0.0 H f 00 M 000
MET B3816_ R f 00 S f  0.0 H f 00 M 000
LEU B3817_ R f 00 S f  0.0 H f 00 M 000
ASP B3818_ R f 00 S f  0.0 H f 00 M 000
TYR B3819_ R f 00 S f  0.0 H f 00 M 000
LEU B3820_ R f 00 S f  0.0 H f 00 M 000
LYS B3821_ R f 00 S f  0.0 H f 00 M 000
ASP B3822_ R f 00 S f  0.0 H f 00 M 000
LYS B3823_ R f 00 S f  0.0 H f 00 M 000
LYS B3824_ R f 00 S f  0.0 H f 00 M 000
GLU B3825_ R f 00 S f  0.0 H f 00 M 000
VAL B3826_ R f 00 S f  0.0 H f 00 M 000
GLY B3827_ R f 00 S f  0.0 H f 00 M 000
PHE B3828_ R f 00 S f  0.0 H f 00 M 000
PHE B3829_ R f 00 S f  0.0 H f 00 M 000
GLN B3830_ R f 00 S f  0.0 H f 00 M 000
SER B3831_ R f 00 S f  0.0 H f 00 M 000
ILE B3832_ R f 00 S f  0.0 H f 00 M 000
GLN B3833_ R f 00 S f  0.0 H f 00 M 000
ALA B3834_ R f 00 S f  0.0 H f 00 M 000
LEU B3835_ R f 00 S f  0.0 H f 00 M 000
MET B3836_ R f 00 S f  0.0 H f 00 M 000
GLN B3837_ R f 00 S f  0.0 H f 00 M 000
THR B3838_ R f 00 S f  0.0 H f 00 M 000
CYS B3839_ R f 00 S f  0.0 H f 00 M 000
SER B3840_ R f 00 S f  0.0 H f 00 M 000
VAL B3841_ R f 00 S f  0.0 H f 00 M 000
LEU B3842_ R f 00 S f  0.0 H f 00 M 000
ASP B3843_ R f 00 S f  0.0 H f 00 M 000
LEU B3844_ R f 00 S f  0.0 H f 00 M 000
ASN B3845_ R f 00 S f  0.0 H f 00 M 000
ALA B3846_ R f 00 S f  0.0 H f 00 M 000
PHE B3847_ R f 00 S f  0.0 H f 00 M 000
GLU B3848_ R f 00 S f  0.0 H f 00 M 000
ARG B3849_ R f 00 S f  0.0 H f 00 M 000
GLN B3850_ R f 00 S f  0.0 H f 00 M 000
ASN B3851_ R f 00 S f  0.0 H f 00 M 000
LYS B3852_ R f 00 S f  0.0 H f 00 M 000
ALA B3853_ R f 00 S f  0.0 H f 00 M 000
GLU B3854_ R f 00 S f  0.0 H f 00 M 000
GLY B3855_ R f 00 S f  0.0 H f 00 M 000
LEU B3856_ R f 00 S f  0.0 H f 00 M 000
GLY B3857_ R f 00 S f  0.0 H f 00 M 000
MET B3858_ R f 00 S f  0.0 H f 00 M 000
VAL B3859_ R f 00 S f  0.0 H f 00 M 000
ASN B3860_ R f 00 S f  0.0 H f 00 M 000
GLU B3861_ R f 00 S f  0.0 H f 00 M 000
ASP B3862_ R f 00 S f  0.0 H f 00 M 000
GLY B3863_ R f 00 S f  0.0 H f 00 M 000
THR B3864_ R f 00 S f  0.0 H f 00 M 000
VAL B3865_ R f 00 S f  0.0 H f 00 M 000
ILE B3866_ R f 00 S f  0.0 H f 00 M 000
ASN B3867_ R f 00 S f  0.0 H f 00 M 000
ARG B3868_ R f 00 S f  0.0 H f 00 M 000
GLN B3869_ R f 00 S f  0.0 H f 00 M 000
ASN B3870_ R f 00 S f  0.0 H f 00 M 000
GLY B3871_ R f 00 S f  0.0 H f 00 M 000
GLU B3872_ R f 00 S f  0.0 H f 00 M 000
LYS B3873_ R f 00 S f  0.0 H f 00 M 000
VAL B3874_ R f 00 S f  0.0 H f 00 M 000
MET B3875_ R f 00 S f  0.0 H f 00 M 000
ALA B3876_ R f 00 S f  0.0 H f 00 M 000
ASP B3877_ R f 00 S f  0.0 H f 00 M 000
ASP B3878_ R f 00 S f  0.0 H f 00 M 000
GLU B3879_ R f 00 S f  0.0 H f 00 M 000
PHE B3880_ R f 00 S f  0.0 H f 00 M 000
THR B3881_ R f 00 S f  0.0 H f 00 M 000
GLN B3882_ R f 00 S f  0.0 H f 00 M 000
ASP B3883_ R f 00 S f  0.0 H f 00 M 000
LEU B3884_ R f 00 S f  0.0 H f 00 M 000
PHE B3885_ R f 00 S f  0.0 H f 00 M 000
ARG B3886_ R f 00 S f  0.0 H f 00 M 000
PHE B3887_ R f 00 S f  0.0 H f 00 M 000
LEU B3888_ R f 00 S f  0.0 H f 00 M 000
GLN B3889_ R f 00 S f  0.0 H f 00 M 000
LEU B3890_ R f 00 S f  0.0 H f 00 M 000
LEU B3891_ R f 00 S f  0.0 H f 00 M 000
CYS B3892_ R f 00 S f  0.0 H f 00 M 000
GLU B3893_ R f 00 S f  0.0 H f 00 M 000
GLY B3894_ R f 00 S f  0.0 H f 00 M 000
HIS B3895_ R f 00 S f  0.0 H f 00 M 000
ASN B3896_ R f 00 S f  0.0 H f 00 M 000
ASN B3897_ R f 00 S f  0.0 H f 00 M 000
ASP B3898_ R f 00 S f  0.0 H f 00 M 000
PHE B3899_ R f 00 S f  0.0 H f 00 M 000
GLN B3900_ R f 00 S f  0.0 H f 00 M 000
ASN B3901_ R f 00 S f  0.0 H f 00 M 000
TYR B3902_ R f 00 S f  0.0 H f 00 M 000
LEU B3903_ R f 00 S f  0.0 H f 00 M 000
ARG B3904_ R f 00 S f  0.0 H f 00 M 000
THR B3905_ R f 00 S f  0.0 H f 00 M 000
GLN B3906_ R f 00 S f  0.0 H f 00 M 000
THR B3907_ R f 00 S f  0.0 H f 00 M 000
GLY B3908_ R f 00 S f  0.0 H f 00 M 000
ASN B3909_ R f 00 S f  0.0 H f 00 M 000
THR B3910_ R f 00 S f  0.0 H f 00 M 000
THR B3911_ R f 00 S f  0.0 H f 00 M 000
THR B3912_ R f 00 S f  0.0 H f 00 M 000
ILE B3913_ R f 00 S f  0.0 H f 00 M 000
ASN B3914_ R f 00 S f  0.0 H f 00 M 000
ILE B3915_ R f 00 S f  0.0 H f 00 M 000
ILE B3916_ R f 00 S f  0.0 H f 00 M 000
ILE B3917_ R f 00 S f  0.0 H f 00 M 000
CYS B3918_ R f 00 S f  0.0 H f 00 M 000
THR B3919_ R f 00 S f  0.0 H f 00 M 000
VAL B3920_ R f 00 S f  0.0 H f 00 M 000
ASP B3921_ R f 00 S f  0.0 H f 00 M 000
TYR B3922_ R f 00 S f  0.0 H f 00 M 000
LEU B3923_ R f 00 S f  0.0 H f 00 M 000
LEU B3924_ R f 00 S f  0.0 H f 00 M 000
ARG B3925_ R f 00 S f  0.0 H f 00 M 000
LEU B3926_ R f 00 S f  0.0 H f 00 M 000
GLN B3927_ R f 00 S f  0.0 H f 00 M 000
GLU B3928_ R f 00 S f  0.0 H f 00 M 000
SER B3929_ R f 00 S f  0.0 H f 00 M 000
ILE B3930_ R f 00 S f  0.0 H f 00 M 000
SER B3931_ R f 00 S f  0.0 H f 00 M 000
ASP B3932_ R f 00 S f  0.0 H f 00 M 000
PHE B3933_ R f 00 S f  0.0 H f 00 M 000
TYR B3934_ R f 00 S f  0.0 H f 00 M 000
TRP B3935_ R f 00 S f  0.0 H f 00 M 000
TYR B3936_ R f 00 S f  0.0 H f 00 M 000
TYR B3937_ R f 00 S f  0.0 H f 00 M 000
SER B3938_ R f 00 S f  0.0 H f 00 M 000
GLY B3939_ R f 00 S f  0.0 H f 00 M 000
LYS B3940_ R f 00 S f  0.0 H f 00 M 000
ASP B3941_ R f 00 S f  0.0 H f 00 M 000
VAL B3942_ R f 00 S f  0.0 H f 00 M 000
ILE B3943_ R f 00 S f  0.0 H f 00 M 000
GLU B3944_ R f 00 S f  0.0 H f 00 M 000
GLU B3945_ R f 00 S f  0.0 H f 00 M 000
GLN B3946_ R f 00 S f  0.0 H f 00 M 000
GLY B3947_ R f 00 S f  0.0 H f 00 M 000
LYS B3948_ R f 00 S f  0.0 H f 00 M 000
ARG B3949_ R f 00 S f  0.0 H f 00 M 000
ASN B3950_ R f 00 S f  0.0 H f 00 M 000
PHE B3951_ R f 00 S f  0.0 H f 00 M 000
SER B3952_ R f 00 S f  0.0 H f 00 M 000
LYS B3953_ R f 00 S f  0.0 H f 00 M 000
ALA B3954_ R f 00 S f  0.0 H f 00 M 000
MET B3955_ R f 00 S f  0.0 H f 00 M 000
SER B3956_ R f 00 S f  0.0 H f 00 M 000
VAL B3957_ R f 00 S f  0.0 H f 00 M 000
ALA B3958_ R f 00 S f  0.0 H f 00 M 000
LYS B3959_ R f 00 S f  0.0 H f 00 M 000
GLN B3960_ R f 00 S f  0.0 H f 00 M 000
VAL B3961_ R f 00 S f  0.0 H f 00 M 000
PHE B3962_ R f 00 S f  0.0 H f 00 M 000
ASN B3963_ R f 00 S f  0.0 H f 00 M 000
SER B3964_ R f 00 S f  0.0 H f 00 M 000
LEU B3965_ R f 00 S f  0.0 H f 00 M 000
THR B3966_ R f 00 S f  0.0 H f 00 M 000
GLU B3967_ R f 00 S f  0.0 H f 00 M 000
TYR B3968_ R f 00 S f  0.0 H f 00 M 000
ILE B3969_ R f 00 S f  0.0 H f 00 M 000
GLN B3970_ R f 00 S f  0.0 H f 00 M 000
GLY B3971_ R f 00 S f  0.0 H f 00 M 000
PRO B3972_ R f 00 S f  0.0 H f 00 M 000
CYS B3973_ R f 00 S f  0.0 H f 00 M 000
THR B3974_ R f 00 S f  0.0 H f 00 M 000
GLY B3975_ R f 00 S f  0.0 H f 00 M 000
ASN B3976_ R f 00 S f  0.0 H f 00 M 000
GLN B3977_ R f 00 S f  0.0 H f 00 M 000
GLN B3978_ R f 00 S f  0.0 H f 00 M 000
SER B3979_ R f 00 S f  0.0 H f 00 M 000
LEU B3980_ R f 00 S f  0.0 H f 00 M 000
ALA B3981_ R f 00 S f  0.0 H f 00 M 000
HIS B3982_ R f 00 S f  0.0 H f 00 M 000
SER B3983_ R f 00 S f  0.0 H f 00 M 000
ARG B3984_ R f 00 S f  0.0 H f 00 M 000
LEU B3985_ R f 00 S f  0.0 H f 00 M 000
TRP B3986_ R f 00 S f  0.0 H f 00 M 000
ASP B3987_ R f 00 S f  0.0 H f 00 M 000
ALA B3988_ R f 00 S f  0.0 H f 00 M 000
VAL B3989_ R f 00 S f  0.0 H f 00 M 000
VAL B3990_ R f 00 S f  0.0 H f 00 M 000
GLY B3991_ R f 00 S f  0.0 H f 00 M 000
PHE B3992_ R f 00 S f  0.0 H f 00 M 000
LEU B3993_ R f 00 S f  0.0 H f 00 M 000
HIS B3994_ R f 00 S f  0.0 H f 00 M 000
VAL B3995_ R f 00 S f  0.0 H f 00 M 000
PHE B3996_ R f 00 S f  0.0 H f 00 M 000
ALA B3997_ R f 00 S f  0.0 H f 00 M 000
HIS B3998_ R f 00 S f  0.0 H f 00 M 000
MET B3999_ R f 00 S f  0.0 H f 00 M 000
MET B4000_ R f 00 S f  0.0 H f 00 M 000
MET B4001_ R f 00 S f  0.0 H f 00 M 000
LYS B4002_ R f 00 S f  0.0 H f 00 M 000
LEU B4003_ R f 00 S f  0.0 H f 00 M 000
ALA B4004_ R f 00 S f  0.0 H f 00 M 000
GLN B4005_ R f 00 S f  0.0 H f 00 M 000
ASP B4006_ R f 00 S f  0.0 H f 00 M 000
SER B4007_ R f 00 S f  0.0 H f 00 M 000
SER B4008_ R f 00 S f  0.0 H f 00 M 000
GLN B4009_ R f 00 S f  0.0 H f 00 M 000
ILE B4010_ R f 00 S f  0.0 H f 00 M 000
GLU B4011_ R f 00 S f  0.0 H f 00 M 000
LEU B4012_ R f 00 S f  0.0 H f 00 M 000
LEU B4013_ R f 00 S f  0.0 H f 00 M 000
LYS B4014_ R f 00 S f  0.0 H f 00 M 000
GLU B4015_ R f 00 S f  0.0 H f 00 M 000
LEU B4016_ R f 00 S f  0.0 H f 00 M 000
LEU B4017_ R f 00 S f  0.0 H f 00 M 000
ASP B4018_ R f 00 S f  0.0 H f 00 M 000
LEU B4019_ R f 00 S f  0.0 H f 00 M 000
GLN B4020_ R f 00 S f  0.0 H f 00 M 000
LYS B4021_ R f 00 S f  0.0 H f 00 M 000
ASP B4022_ R f 00 S f  0.0 H f 00 M 000
MET B4023_ R f 00 S f  0.0 H f 00 M 000
VAL B4024_ R f 00 S f  0.0 H f 00 M 000
VAL B4025_ R f 00 S f  0.0 H f 00 M 000
MET B4026_ R f 00 S f  0.0 H f 00 M 000
LEU B4027_ R f 00 S f  0.0 H f 00 M 000
LEU B4028_ R f 00 S f  0.0 H f 00 M 000
SER B4029_ R f 00 S f  0.0 H f 00 M 000
LEU B4030_ R f 00 S f  0.0 H f 00 M 000
LEU B4031_ R f 00 S f  0.0 H f 00 M 000
GLU B4032_ R f 00 S f  0.0 H f 00 M 000
GLY B4033_ R f 00 S f  0.0 H f 00 M 000
ASN B4034_ R f 00 S f  0.0 H f 00 M 000
VAL B4035_ R f 00 S f  0.0 H f 00 M 000
VAL B4036_ R f 00 S f  0.0 H f 00 M 000
ASN B4037_ R f 00 S f  0.0 H f 00 M 000
GLY B4038_ R f 00 S f  0.0 H f 00 M 000
MET B4039_ R f 00 S f  0.0 H f 00 M 000
ILE B4040_ R f 00 S f  0.0 H f 00 M 000
ALA B4041_ R f 00 S f  0.0 H f 00 M 000
ARG B4042_ R f 00 S f  0.0 H f 00 M 000
GLN B4043_ R f 00 S f  0.0 H f 00 M 000
MET B4044_ R f 00 S f  0.0 H f 00 M 000
VAL B4045_ R f 00 S f  0.0 H f 00 M 000
ASP B4046_ R f 00 S f  0.0 H f 00 M 000
MET B4047_ R f 00 S f  0.0 H f 00 M 000
LEU B4048_ R f 00 S f  0.0 H f 00 M 000
VAL B4049_ R f 00 S f  0.0 H f 00 M 000
GLU B4050_ R f 00 S f  0.0 H f 00 M 000
SER B4051_ R f 00 S f  0.0 H f 00 M 000
SER B4052_ R f 00 S f  0.0 H f 00 M 000
SER B4053_ R f 00 S f  0.0 H f 00 M 000
ASN B4054_ R f 00 S f  0.0 H f 00 M 000
VAL B4055_ R f 00 S f  0.0 H f 00 M 000
GLU B4056_ R f 00 S f  0.0 H f 00 M 000
MET B4057_ R f 00 S f  0.0 H f 00 M 000
ILE B4058_ R f 00 S f  0.0 H f 00 M 000
LEU B4059_ R f 00 S f  0.0 H f 00 M 000
LYS B4060_ R f 00 S f  0.0 H f 00 M 000
PHE B4061_ R f 00 S f  0.0 H f 00 M 000
PHE B4062_ R f 00 S f  0.0 H f 00 M 000
CTR B4062_ R f 00 S f  0.0 H f 00 M 000
NTR B4063_ R f 00 S f  0.0 H f 00 M 000
ASP B4063_ R f 00 S f  0.0 H f 00 M 000
MET B4064_ R f 00 S f  0.0 H f 00 M 000
PHE B4065_ R f 00 S f  0.0 H f 00 M 000
LEU B4066_ R f 00 S f  0.0 H f 00 M 000
LYS B4067_ R f 00 S f  0.0 H f 00 M 000
LEU B4068_ R f 00 S f  0.0 H f 00 M 000
LYS B4069_ R f 00 S f  0.0 H f 00 M 000
ASP B4070_ R f 00 S f  0.0 H f 00 M 000
ILE B4071_ R f 00 S f  0.0 H f 00 M 000
VAL B4072_ R f 00 S f  0.0 H f 00 M 000
GLY B4073_ R f 00 S f  0.0 H f 00 M 000
SER B4074_ R f 00 S f  0.0 H f 00 M 000
GLU B4075_ R f 00 S f  0.0 H f 00 M 000
ALA B4076_ R f 00 S f  0.0 H f 00 M 000
PHE B4077_ R f 00 S f  0.0 H f 00 M 000
GLN B4078_ R f 00 S f  0.0 H f 00 M 000
ASP B4079_ R f 00 S f  0.0 H f 00 M 000
TYR B4080_ R f 00 S f  0.0 H f 00 M 000
VAL B4081_ R f 00 S f  0.0 H f 00 M 000
THR B4082_ R f 00 S f  0.0 H f 00 M 000
ASP B4083_ R f 00 S f  0.0 H f 00 M 000
PRO B4084_ R f 00 S f  0.0 H f 00 M 000
ARG B4085_ R f 00 S f  0.0 H f 00 M 000
GLY B4086_ R f 00 S f  0.0 H f 00 M 000
LEU B4087_ R f 00 S f  0.0 H f 00 M 000
ILE B4088_ R f 00 S f  0.0 H f 00 M 000
SER B4089_ R f 00 S f  0.0 H f 00 M 000
LYS B4090_ R f 00 S f  0.0 H f 00 M 000
LYS B4091_ R f 00 S f  0.0 H f 00 M 000
ASP B4092_ R f 00 S f  0.0 H f 00 M 000
PHE B4093_ R f 00 S f  0.0 H f 00 M 000
GLN B4094_ R f 00 S f  0.0 H f 00 M 000
LYS B4095_ R f 00 S f  0.0 H f 00 M 000
ALA B4096_ R f 00 S f  0.0 H f 00 M 000
MET B4097_ R f 00 S f  0.0 H f 00 M 000
ASP B4098_ R f 00 S f  0.0 H f 00 M 000
SER B4099_ R f 00 S f  0.0 H f 00 M 000
GLN B4100_ R f 00 S f  0.0 H f 00 M 000
LYS B4101_ R f 00 S f  0.0 H f 00 M 000
GLN B4102_ R f 00 S f  0.0 H f 00 M 000
PHE B4103_ R f 00 S f  0.0 H f 00 M 000
THR B4104_ R f 00 S f  0.0 H f 00 M 000
GLY B4105_ R f 00 S f  0.0 H f 00 M 000
PRO B4106_ R f 00 S f  0.0 H f 00 M 000
GLU B4107_ R f 00 S f  0.0 H f 00 M 000
ILE B4108_ R f 00 S f  0.0 H f 00 M 000
GLN B4109_ R f 00 S f  0.0 H f 00 M 000
PHE B4110_ R f 00 S f  0.0 H f 00 M 000
LEU B4111_ R f 00 S f  0.0 H f 00 M 000
LEU B4112_ R f 00 S f  0.0 H f 00 M 000
SER B4113_ R f 00 S f  0.0 H f 00 M 000
CYS B4114_ R f 00 S f  0.0 H f 00 M 000
SER B4115_ R f 00 S f  0.0 H f 00 M 000
GLU B4116_ R f 00 S f  0.0 H f 00 M 000
ALA B4117_ R f 00 S f  0.0 H f 00 M 000
ASP B4118_ R f 00 S f  0.0 H f 00 M 000
GLU B4119_ R f 00 S f  0.0 H f 00 M 000
ASN B4120_ R f 00 S f  0.0 H f 00 M 000
GLU B4121_ R f 00 S f  0.0 H f 00 M 000
MET B4122_ R f 00 S f  0.0 H f 00 M 000
ILE B4123_ R f 00 S f  0.0 H f 00 M 000
ASN B4124_ R f 00 S f  0.0 H f 00 M 000
PHE B4125_ R f 00 S f  0.0 H f 00 M 000
GLU B4126_ R f 00 S f  0.0 H f 00 M 000
GLU B4127_ R f 00 S f  0.0 H f 00 M 000
PHE B4128_ R f 00 S f  0.0 H f 00 M 000
ALA B4129_ R f 00 S f  0.0 H f 00 M 000
ASN B4130_ R f 00 S f  0.0 H f 00 M 000
ARG B4131_ R f 00 S f  0.0 H f 00 M 000
PHE B4132_ R f 00 S f  0.0 H f 00 M 000
GLN B4133_ R f 00 S f  0.0 H f 00 M 000
GLU B4134_ R f 00 S f  0.0 H f 00 M 000
PRO B4135_ R f 00 S f  0.0 H f 00 M 000
CTR B4135_ R f 00 S f  0.0 H f 00 M 000
NTR B4136_ R f 00 S f  0.0 H f 00 M 000
ALA B4136_ R f 00 S f  0.0 H f 00 M 000
ARG B4137_ R f 00 S f  0.0 H f 00 M 000
ASP B4138_ R f 00 S f  0.0 H f 00 M 000
ILE B4139_ R f 00 S f  0.0 H f 00 M 000
GLY B4140_ R f 00 S f  0.0 H f 00 M 000
PHE B4141_ R f 00 S f  0.0 H f 00 M 000
ASN B4142_ R f 00 S f  0.0 H f 00 M 000
VAL B4143_ R f 00 S f  0.0 H f 00 M 000
ALA B4144_ R f 00 S f  0.0 H f 00 M 000
VAL B4145_ R f 00 S f  0.0 H f 00 M 000
LEU B4146_ R f 00 S f  0.0 H f 00 M 000
LEU B4147_ R f 00 S f  0.0 H f 00 M 000
THR B4148_ R f 00 S f  0.0 H f 00 M 000
ASN B4149_ R f 00 S f  0.0 H f 00 M 000
LEU B4150_ R f 00 S f  0.0 H f 00 M 000
SER B4151_ R f 00 S f  0.0 H f 00 M 000
GLU B4152_ R f 00 S f  0.0 H f 00 M 000
HIS B4153_ R f 00 S f  0.0 H f 00 M 000
VAL B4154_ R f 00 S f  0.0 H f 00 M 000
PRO B4155_ R f 00 S f  0.0 H f 00 M 000
HIS B4156_ R f 00 S f  0.0 H f 00 M 000
ASP B4157_ R f 00 S f  0.0 H f 00 M 000
PRO B4158_ R f 00 S f  0.0 H f 00 M 000
ARG B4159_ R f 00 S f  0.0 H f 00 M 000
LEU B4160_ R f 00 S f  0.0 H f 00 M 000
ARG B4161_ R f 00 S f  0.0 H f 00 M 000
ASN B4162_ R f 00 S f  0.0 H f 00 M 000
PHE B4163_ R f 00 S f  0.0 H f 00 M 000
LEU B4164_ R f 00 S f  0.0 H f 00 M 000
GLU B4165_ R f 00 S f  0.0 H f 00 M 000
LEU B4166_ R f 00 S f  0.0 H f 00 M 000
ALA B4167_ R f 00 S f  0.0 H f 00 M 000
GLU B4168_ R f 00 S f  0.0 H f 00 M 000
SER B4169_ R f 00 S f  0.0 H f 00 M 000
ILE B4170_ R f 00 S f  0.0 H f 00 M 000
LEU B4171_ R f 00 S f  0.0 H f 00 M 000
GLU B4172_ R f 00 S f  0.0 H f 00 M 000
TYR B4173_ R f 00 S f  0.0 H f 00 M 000
PHE B4174_ R f 00 S f  0.0 H f 00 M 000
ARG B4175_ R f 00 S f  0.0 H f 00 M 000
PRO B4176_ R f 00 S f  0.0 H f 00 M 000
TYR B4177_ R f 00 S f  0.0 H f 00 M 000
LEU B4178_ R f 00 S f  0.0 H f 00 M 000
GLY B4179_ R f 00 S f  0.0 H f 00 M 000
ARG B4180_ R f 00 S f  0.0 H f 00 M 000
ILE B4181_ R f 00 S f  0.0 H f 00 M 000
GLU B4182_ R f 00 S f  0.0 H f 00 M 000
ILE B4183_ R f 00 S f  0.0 H f 00 M 000
MET B4184_ R f 00 S f  0.0 H f 00 M 000
GLY B4185_ R f 00 S f  0.0 H f 00 M 000
ALA B4186_ R f 00 S f  0.0 H f 00 M 000
SER B4187_ R f 00 S f  0.0 H f 00 M 000
ARG B4188_ R f 00 S f  0.0 H f 00 M 000
ARG B4189_ R f 00 S f  0.0 H f 00 M 000
ILE B4190_ R f 00 S f  0.0 H f 00 M 000
GLU B4191_ R f 00 S f  0.0 H f 00 M 000
ARG B4192_ R f 00 S f  0.0 H f 00 M 000
ILE B4193_ R f 00 S f  0.0 H f 00 M 000
TYR B4194_ R f 00 S f  0.0 H f 00 M 000
PHE B4195_ R f 00 S f  0.0 H f 00 M 000
GLU B4196_ R f 00 S f  0.0 H f 00 M 000
ILE B4197_ R f 00 S f  0.0 H f 00 M 000
SER B4198_ R f 00 S f  0.0 H f 00 M 000
GLU B4199_ R f 00 S f  0.0 H f 00 M 000
THR B4200_ R f 00 S f  0.0 H f 00 M 000
ASN B4201_ R f 00 S f  0.0 H f 00 M 000
ARG B4202_ R f 00 S f  0.0 H f 00 M 000
ALA B4203_ R f 00 S f  0.0 H f 00 M 000
GLN B4204_ R f 00 S f  0.0 H f 00 M 000
TRP B4205_ R f 00 S f  0.0 H f 00 M 000
GLU B4206_ R f 00 S f  0.0 H f 00 M 000
MET B4207_ R f 00 S f  0.0 H f 00 M 000
PRO B4208_ R f 00 S f  0.0 H f 00 M 000
GLN B4209_ R f 00 S f  0.0 H f 00 M 000
VAL B4210_ R f 00 S f  0.0 H f 00 M 000
LYS B4211_ R f 00 S f  0.0 H f 00 M 000
GLU B4212_ R f 00 S f  0.0 H f 00 M 000
SER B4213_ R f 00 S f  0.0 H f 00 M 000
LYS B4214_ R f 00 S f  0.0 H f 00 M 000
ARG B4215_ R f 00 S f  0.0 H f 00 M 000
GLN B4216_ R f 00 S f  0.0 H f 00 M 000
PHE B4217_ R f 00 S f  0.0 H f 00 M 000
ILE B4218_ R f 00 S f  0.0 H f 00 M 000
PHE B4219_ R f 00 S f  0.0 H f 00 M 000
ASP B4220_ R f 00 S f  0.0 H f 00 M 000
VAL B4221_ R f 00 S f  0.0 H f 00 M 000
VAL B4222_ R f 00 S f  0.0 H f 00 M 000
ASN B4223_ R f 00 S f  0.0 H f 00 M 000
GLU B4224_ R f 00 S f  0.0 H f 00 M 000
GLY B4225_ R f 00 S f  0.0 H f 00 M 000
GLY B4226_ R f 00 S f  0.0 H f 00 M 000
GLU B4227_ R f 00 S f  0.0 H f 00 M 000
ALA B4228_ R f 00 S f  0.0 H f 00 M 000
GLU B4229_ R f 00 S f  0.0 H f 00 M 000
LYS B4230_ R f 00 S f  0.0 H f 00 M 000
MET B4231_ R f 00 S f  0.0 H f 00 M 000
GLU B4232_ R f 00 S f  0.0 H f 00 M 000
LEU B4233_ R f 00 S f  0.0 H f 00 M 000
PHE B4234_ R f 00 S f  0.0 H f 00 M 000
VAL B4235_ R f 00 S f  0.0 H f 00 M 000
SER B4236_ R f 00 S f  0.0 H f 00 M 000
PHE B4237_ R f 00 S f  0.0 H f 00 M 000
CYS B4238_ R f 00 S f  0.0 H f 00 M 000
GLU B4239_ R f 00 S f  0.0 H f 00 M 000
ASP B4240_ R f 00 S f  0.0 H f 00 M 000
THR B4241_ R f 00 S f  0.0 H f 00 M 000
ILE B4242_ R f 00 S f  0.0 H f 00 M 000
PHE B4243_ R f 00 S f  0.0 H f 00 M 000
GLU B4244_ R f 00 S f  0.0 H f 00 M 000
MET B4245_ R f 00 S f  0.0 H f 00 M 000
GLN B4246_ R f 00 S f  0.0 H f 00 M 000
ILE B4247_ R f 00 S f  0.0 H f 00 M 000
ALA B4248_ R f 00 S f  0.0 H f 00 M 000
ALA B4249_ R f 00 S f  0.0 H f 00 M 000
GLN B4250_ R f 00 S f  0.0 H f 00 M 000
ILE B4251_ R f 00 S f  0.0 H f 00 M 000
SER B4252_ R f 00 S f  0.0 H f 00 M 000
GLU B4253_ R f 00 S f  0.0 H f 00 M 000
CTR B4253_ R f 00 S f  0.0 H f 00 M 000
NTR B4540_ R f 00 S f  0.0 H f 00 M 000
PHE B4540_ R f 00 S f  0.0 H f 00 M 000
TRP B4541_ R f 00 S f  0.0 H f 00 M 000
GLY B4542_ R f 00 S f  0.0 H f 00 M 000
GLU B4543_ R f 00 S f  0.0 H f 00 M 000
LEU B4544_ R f 00 S f  0.0 H f 00 M 000
GLU B4545_ R f 00 S f  0.0 H f 00 M 000
VAL B4546_ R f 00 S f  0.0 H f 00 M 000
GLN B4547_ R f 00 S f  0.0 H f 00 M 000
ARG B4548_ R f 00 S f  0.0 H f 00 M 000
VAL B4549_ R f 00 S f  0.0 H f 00 M 000
LYS B4550_ R f 00 S f  0.0 H f 00 M 000
PHE B4551_ R f 00 S f  0.0 H f 00 M 000
LEU B4552_ R f 00 S f  0.0 H f 00 M 000
ASN B4553_ R f 00 S f  0.0 H f 00 M 000
TYR B4554_ R f 00 S f  0.0 H f 00 M 000
LEU B4555_ R f 00 S f  0.0 H f 00 M 000
SER B4556_ R f 00 S f  0.0 H f 00 M 000
ARG B4557_ R f 00 S f  0.0 H f 00 M 000
ASN B4558_ R f 00 S f  0.0 H f 00 M 000
PHE B4559_ R f 00 S f  0.0 H f 00 M 000
TYR B4560_ R f 00 S f  0.0 H f 00 M 000
THR B4561_ R f 00 S f  0.0 H f 00 M 000
LEU B4562_ R f 00 S f  0.0 H f 00 M 000
ARG B4563_ R f 00 S f  0.0 H f 00 M 000
PHE B4564_ R f 00 S f  0.0 H f 00 M 000
LEU B4565_ R f 00 S f  0.0 H f 00 M 000
ALA B4566_ R f 00 S f  0.0 H f 00 M 000
LEU B4567_ R f 00 S f  0.0 H f 00 M 000
PHE B4568_ R f 00 S f  0.0 H f 00 M 000
LEU B4569_ R f 00 S f  0.0 H f 00 M 000
ALA B4570_ R f 00 S f  0.0 H f 00 M 000
PHE B4571_ R f 00 S f  0.0 H f 00 M 000
ALA B4572_ R f 00 S f  0.0 H f 00 M 000
ILE B4573_ R f 00 S f  0.0 H f 00 M 000
ASN B4574_ R f 00 S f  0.0 H f 00 M 000
PHE B4575_ R f 00 S f  0.0 H f 00 M 000
ILE B4576_ R f 00 S f  0.0 H f 00 M 000
LEU B4577_ R f 00 S f  0.0 H f 00 M 000
LEU B4578_ R f 00 S f  0.0 H f 00 M 000
PHE B4579_ R f 00 S f  0.0 H f 00 M 000
TYR B4580_ R f 00 S f  0.0 H f 00 M 000
LYS B4581_ R f 00 S f  0.0 H f 00 M 000
VAL B4582_ R f 00 S f  0.0 H f 00 M 000
SER B4583_ R f 00 S f  0.0 H f 00 M 000
ASP B4584_ R f 00 S f  0.0 H f 00 M 000
SER B4585_ R f 00 S f  0.0 H f 00 M 000
PRO B4586_ R f 00 S f  0.0 H f 00 M 000
PRO B4587_ R f 00 S f  0.0 H f 00 M 000
CTR B4587_ R f 00 S f  0.0 H f 00 M 000
NTR B4626_ R f 00 S f  0.0 H f 00 M 000
ASN B4626_ R f 00 S f  0.0 H f 00 M 000
MET B4627_ R f 00 S f  0.0 H f 00 M 000
VAL B4628_ R f 00 S f  0.0 H f 00 M 000
TYR B4629_ R f 00 S f  0.0 H f 00 M 000
TYR B4630_ R f 00 S f  0.0 H f 00 M 000
PHE B4631_ R f 00 S f  0.0 H f 00 M 000
LEU B4632_ R f 00 S f  0.0 H f 00 M 000
GLU B4633_ R f 00 S f  0.0 H f 00 M 000
GLU B4634_ R f 00 S f  0.0 H f 00 M 000
SER B4635_ R f 00 S f  0.0 H f 00 M 000
THR B4636_ R f 00 S f  0.0 H f 00 M 000
GLY B4637_ R f 00 S f  0.0 H f 00 M 000
TYR B4638_ R f 00 S f  0.0 H f 00 M 000
MET B4639_ R f 00 S f  0.0 H f 00 M 000
GLU B4640_ R f 00 S f  0.0 H f 00 M 000
PRO B4641_ R f 00 S f  0.0 H f 00 M 000
ALA B4642_ R f 00 S f  0.0 H f 00 M 000
LEU B4643_ R f 00 S f  0.0 H f 00 M 000
TRP B4644_ R f 00 S f  0.0 H f 00 M 000
CYS B4645_ R f 00 S f  0.0 H f 00 M 000
LEU B4646_ R f 00 S f  0.0 H f 00 M 000
SER B4647_ R f 00 S f  0.0 H f 00 M 000
LEU B4648_ R f 00 S f  0.0 H f 00 M 000
LEU B4649_ R f 00 S f  0.0 H f 00 M 000
HIS B4650_ R f 00 S f  0.0 H f 00 M 000
THR B4651_ R f 00 S f  0.0 H f 00 M 000
LEU B4652_ R f 00 S f  0.0 H f 00 M 000
VAL B4653_ R f 00 S f  0.0 H f 00 M 000
ALA B4654_ R f 00 S f  0.0 H f 00 M 000
PHE B4655_ R f 00 S f  0.0 H f 00 M 000
LEU B4656_ R f 00 S f  0.0 H f 00 M 000
CYS B4657_ R f 00 S f  0.0 H f 00 M 000
ILE B4658_ R f 00 S f  0.0 H f 00 M 000
ILE B4659_ R f 00 S f  0.0 H f 00 M 000
GLY B4660_ R f 00 S f  0.0 H f 00 M 000
TYR B4661_ R f 00 S f  0.0 H f 00 M 000
ASN B4662_ R f 00 S f  0.0 H f 00 M 000
CYS B4663_ R f 00 S f  0.0 H f 00 M 000
LEU B4664_ R f 00 S f  0.0 H f 00 M 000
LYS B4665_ R f 00 S f  0.0 H f 00 M 000
VAL B4666_ R f 00 S f  0.0 H f 00 M 000
PRO B4667_ R f 00 S f  0.0 H f 00 M 000
LEU B4668_ R f 00 S f  0.0 H f 00 M 000
VAL B4669_ R f 00 S f  0.0 H f 00 M 000
ILE B4670_ R f 00 S f  0.0 H f 00 M 000
PHE B4671_ R f 00 S f  0.0 H f 00 M 000
LYS B4672_ R f 00 S f  0.0 H f 00 M 000
ARG B4673_ R f 00 S f  0.0 H f 00 M 000
GLU B4674_ R f 00 S f  0.0 H f 00 M 000
LYS B4675_ R f 00 S f  0.0 H f 00 M 000
GLU B4676_ R f 00 S f  0.0 H f 00 M 000
LEU B4677_ R f 00 S f  0.0 H f 00 M 000
ALA B4678_ R f 00 S f  0.0 H f 00 M 000
ARG B4679_ R f 00 S f  0.0 H f 00 M 000
LYS B4680_ R f 00 S f  0.0 H f 00 M 000
LEU B4681_ R f 00 S f  0.0 H f 00 M 000
GLU B4682_ R f 00 S f  0.0 H f 00 M 000
PHE B4683_ R f 00 S f  0.0 H f 00 M 000
ASP B4684_ R f 00 S f  0.0 H f 00 M 000
GLY B4685_ R f 00 S f  0.0 H f 00 M 000
LEU B4686_ R f 00 S f  0.0 H f 00 M 000
TYR B4687_ R f 00 S f  0.0 H f 00 M 000
ILE B4688_ R f 00 S f  0.0 H f 00 M 000
THR B4689_ R f 00 S f  0.0 H f 00 M 000
GLU B4690_ R f 00 S f  0.0 H f 00 M 000
GLN B4691_ R f 00 S f  0.0 H f 00 M 000
PRO B4692_ R f 00 S f  0.0 H f 00 M 000
GLY B4693_ R f 00 S f  0.0 H f 00 M 000
ASP B4694_ R f 00 S f  0.0 H f 00 M 000
ASP B4695_ R f 00 S f  0.0 H f 00 M 000
ASP B4696_ R f 00 S f  0.0 H f 00 M 000
VAL B4697_ R f 00 S f  0.0 H f 00 M 000
LYS B4698_ R f 00 S f  0.0 H f 00 M 000
GLY B4699_ R f 00 S f  0.0 H f 00 M 000
GLN B4700_ R f 00 S f  0.0 H f 00 M 000
TRP B4701_ R f 00 S f  0.0 H f 00 M 000
ASP B4702_ R f 00 S f  0.0 H f 00 M 000
ARG B4703_ R f 00 S f  0.0 H f 00 M 000
LEU B4704_ R f 00 S f  0.0 H f 00 M 000
VAL B4705_ R f 00 S f  0.0 H f 00 M 000
LEU B4706_ R f 00 S f  0.0 H f 00 M 000
ASN B4707_ R f 00 S f  0.0 H f 00 M 000
THR B4708_ R f 00 S f  0.0 H f 00 M 000
PRO B4709_ R f 00 S f  0.0 H f 00 M 000
SER B4710_ R f 00 S f  0.0 H f 00 M 000
PHE B4711_ R f 00 S f  0.0 H f 00 M 000
PRO B4712_ R f 00 S f  0.0 H f 00 M 000
SER B4713_ R f 00 S f  0.0 H f 00 M 000
ASN B4714_ R f 00 S f  0.0 H f 00 M 000
TYR B4715_ R f 00 S f  0.0 H f 00 M 000
TRP B4716_ R f 00 S f  0.0 H f 00 M 000
ASP B4717_ R f 00 S f  0.0 H f 00 M 000
LYS B4718_ R f 00 S f  0.0 H f 00 M 000
PHE B4719_ R f 00 S f  0.0 H f 00 M 000
VAL B4720_ R f 00 S f  0.0 H f 00 M 000
LYS B4721_ R f 00 S f  0.0 H f 00 M 000
ARG B4722_ R f 00 S f  0.0 H f 00 M 000
LYS B4723_ R f 00 S f  0.0 H f 00 M 000
VAL B4724_ R f 00 S f  0.0 H f 00 M 000
LEU B4725_ R f 00 S f  0.0 H f 00 M 000
ASP B4726_ R f 00 S f  0.0 H f 00 M 000
LYS B4727_ R f 00 S f  0.0 H f 00 M 000
HIS B4728_ R f 00 S f  0.0 H f 00 M 000
GLY B4729_ R f 00 S f  0.0 H f 00 M 000
ASP B4730_ R f 00 S f  0.0 H f 00 M 000
ILE B4731_ R f 00 S f  0.0 H f 00 M 000
PHE B4732_ R f 00 S f  0.0 H f 00 M 000
GLY B4733_ R f 00 S f  0.0 H f 00 M 000
ARG B4734_ R f 00 S f  0.0 H f 00 M 000
GLU B4735_ R f 00 S f  0.0 H f 00 M 000
ARG B4736_ R f 00 S f  0.0 H f 00 M 000
ILE B4737_ R f 00 S f  0.0 H f 00 M 000
ALA B4738_ R f 00 S f  0.0 H f 00 M 000
GLU B4739_ R f 00 S f  0.0 H f 00 M 000
LEU B4740_ R f 00 S f  0.0 H f 00 M 000
LEU B4741_ R f 00 S f  0.0 H f 00 M 000
GLY B4742_ R f 00 S f  0.0 H f 00 M 000
MET B4743_ R f 00 S f  0.0 H f 00 M 000
ASP B4744_ R f 00 S f  0.0 H f 00 M 000
LEU B4745_ R f 00 S f  0.0 H f 00 M 000
ALA B4746_ R f 00 S f  0.0 H f 00 M 000
SER B4747_ R f 00 S f  0.0 H f 00 M 000
LEU B4748_ R f 00 S f  0.0 H f 00 M 000
GLU B4749_ R f 00 S f  0.0 H f 00 M 000
ILE B4750_ R f 00 S f  0.0 H f 00 M 000
THR B4751_ R f 00 S f  0.0 H f 00 M 000
ALA B4752_ R f 00 S f  0.0 H f 00 M 000
HIS B4753_ R f 00 S f  0.0 H f 00 M 000
ASN B4754_ R f 00 S f  0.0 H f 00 M 000
GLU B4755_ R f 00 S f  0.0 H f 00 M 000
ARG B4756_ R f 00 S f  0.0 H f 00 M 000
LYS B4757_ R f 00 S f  0.0 H f 00 M 000
PRO B4758_ R f 00 S f  0.0 H f 00 M 000
ASP B4759_ R f 00 S f  0.0 H f 00 M 000
PRO B4760_ R f 00 S f  0.0 H f 00 M 000
PRO B4761_ R f 00 S f  0.0 H f 00 M 000
PRO B4762_ R f 00 S f  0.0 H f 00 M 000
GLY B4763_ R f 00 S f  0.0 H f 00 M 000
LEU B4764_ R f 00 S f  0.0 H f 00 M 000
LEU B4765_ R f 00 S f  0.0 H f 00 M 000
THR B4766_ R f 00 S f  0.0 H f 00 M 000
TRP B4767_ R f 00 S f  0.0 H f 00 M 000
LEU B4768_ R f 00 S f  0.0 H f 00 M 000
MET B4769_ R f 00 S f  0.0 H f 00 M 000
SER B4770_ R f 00 S f  0.0 H f 00 M 000
ILE B4771_ R f 00 S f  0.0 H f 00 M 000
ASP B4772_ R f 00 S f  0.0 H f 00 M 000
VAL B4773_ R f 00 S f  0.0 H f 00 M 000
LYS B4774_ R f 00 S f  0.0 H f 00 M 000
TYR B4775_ R f 00 S f  0.0 H f 00 M 000
GLN B4776_ R f 00 S f  0.0 H f 00 M 000
ILE B4777_ R f 00 S f  0.0 H f 00 M 000
TRP B4778_ R f 00 S f  0.0 H f 00 M 000
LYS B4779_ R f 00 S f  0.0 H f 00 M 000
PHE B4780_ R f 00 S f  0.0 H f 00 M 000
GLY B4781_ R f 00 S f  0.0 H f 00 M 000
VAL B4782_ R f 00 S f  0.0 H f 00 M 000
ILE B4783_ R f 00 S f  0.0 H f 00 M 000
PHE B4784_ R f 00 S f  0.0 H f 00 M 000
THR B4785_ R f 00 S f  0.0 H f 00 M 000
ASP B4786_ R f 00 S f  0.0 H f 00 M 000
ASN B4787_ R f 00 S f  0.0 H f 00 M 000
SER B4788_ R f 00 S f  0.0 H f 00 M 000
PHE B4789_ R f 00 S f  0.0 H f 00 M 000
LEU B4790_ R f 00 S f  0.0 H f 00 M 000
TYR B4791_ R f 00 S f  0.0 H f 00 M 000
LEU B4792_ R f 00 S f  0.0 H f 00 M 000
GLY B4793_ R f 00 S f  0.0 H f 00 M 000
TRP B4794_ R f 00 S f  0.0 H f 00 M 000
TYR B4795_ R f 00 S f  0.0 H f 00 M 000
MET B4796_ R f 00 S f  0.0 H f 00 M 000
VAL B4797_ R f 00 S f  0.0 H f 00 M 000
MET B4798_ R f 00 S f  0.0 H f 00 M 000
SER B4799_ R f 00 S f  0.0 H f 00 M 000
LEU B4800_ R f 00 S f  0.0 H f 00 M 000
LEU B4801_ R f 00 S f  0.0 H f 00 M 000
GLY B4802_ R f 00 S f  0.0 H f 00 M 000
HIS B4803_ R f 00 S f  0.0 H f 00 M 000
TYR B4804_ R f 00 S f  0.0 H f 00 M 000
ASN B4805_ R f 00 S f  0.0 H f 00 M 000
ASN B4806_ R f 00 S f  0.0 H f 00 M 000
PHE B4807_ R f 00 S f  0.0 H f 00 M 000
PHE B4808_ R f 00 S f  0.0 H f 00 M 000
PHE B4809_ R f 00 S f  0.0 H f 00 M 000
ALA B4810_ R f 00 S f  0.0 H f 00 M 000
ALA B4811_ R f 00 S f  0.0 H f 00 M 000
HIS B4812_ R f 00 S f  0.0 H f 00 M 000
LEU B4813_ R f 00 S f  0.0 H f 00 M 000
LEU B4814_ R f 00 S f  0.0 H f 00 M 000
ASP B4815_ R f 00 S f  0.0 H f 00 M 000
ILE B4816_ R f 00 S f  0.0 H f 00 M 000
ALA B4817_ R f 00 S f  0.0 H f 00 M 000
MET B4818_ R f 00 S f  0.0 H f 00 M 000
GLY B4819_ R f 00 S f  0.0 H f 00 M 000
VAL B4820_ R f 00 S f  0.0 H f 00 M 000
LYS B4821_ R f 00 S f  0.0 H f 00 M 000
THR B4822_ R f 00 S f  0.0 H f 00 M 000
LEU B4823_ R f 00 S f  0.0 H f 00 M 000
ARG B4824_ R f 00 S f  0.0 H f 00 M 000
THR B4825_ R f 00 S f  0.0 H f 00 M 000
ILE B4826_ R f 00 S f  0.0 H f 00 M 000
LEU B4827_ R f 00 S f  0.0 H f 00 M 000
SER B4828_ R f 00 S f  0.0 H f 00 M 000
SER B4829_ R f 00 S f  0.0 H f 00 M 000
VAL B4830_ R f 00 S f  0.0 H f 00 M 000
THR B4831_ R f 00 S f  0.0 H f 00 M 000
HIS B4832_ R f 00 S f  0.0 H f 00 M 000
ASN B4833_ R f 00 S f  0.0 H f 00 M 000
GLY B4834_ R f 00 S f  0.0 H f 00 M 000
LYS B4835_ R f 00 S f  0.0 H f 00 M 000
GLN B4836_ R f 00 S f  0.0 H f 00 M 000
LEU B4837_ R f 00 S f  0.0 H f 00 M 000
VAL B4838_ R f 00 S f  0.0 H f 00 M 000
MET B4839_ R f 00 S f  0.0 H f 00 M 000
THR B4840_ R f 00 S f  0.0 H f 00 M 000
VAL B4841_ R f 00 S f  0.0 H f 00 M 000
GLY B4842_ R f 00 S f  0.0 H f 00 M 000
LEU B4843_ R f 00 S f  0.0 H f 00 M 000
LEU B4844_ R f 00 S f  0.0 H f 00 M 000
ALA B4845_ R f 00 S f  0.0 H f 00 M 000
VAL B4846_ R f 00 S f  0.0 H f 00 M 000
VAL B4847_ R f 00 S f  0.0 H f 00 M 000
VAL B4848_ R f 00 S f  0.0 H f 00 M 000
TYR B4849_ R f 00 S f  0.0 H f 00 M 000
LEU B4850_ R f 00 S f  0.0 H f 00 M 000
TYR B4851_ R f 00 S f  0.0 H f 00 M 000
THR B4852_ R f 00 S f  0.0 H f 00 M 000
VAL B4853_ R f 00 S f  0.0 H f 00 M 000
VAL B4854_ R f 00 S f  0.0 H f 00 M 000
ALA B4855_ R f 00 S f  0.0 H f 00 M 000
PHE B4856_ R f 00 S f  0.0 H f 00 M 000
ASN B4857_ R f 00 S f  0.0 H f 00 M 000
PHE B4858_ R f 00 S f  0.0 H f 00 M 000
PHE B4859_ R f 00 S f  0.0 H f 00 M 000
ARG B4860_ R f 00 S f  0.0 H f 00 M 000
LYS B4861_ R f 00 S f  0.0 H f 00 M 000
PHE B4862_ R f 00 S f  0.0 H f 00 M 000
TYR B4863_ R f 00 S f  0.0 H f 00 M 000
ASN B4864_ R f 00 S f  0.0 H f 00 M 000
LYS B4865_ R f 00 S f  0.0 H f 00 M 000
SER B4866_ R f 00 S f  0.0 H f 00 M 000
GLU B4867_ R f 00 S f  0.0 H f 00 M 000
ASP B4868_ R f 00 S f  0.0 H f 00 M 000
GLU B4869_ R f 00 S f  0.0 H f 00 M 000
ASP B4870_ R f 00 S f  0.0 H f 00 M 000
GLU B4871_ R f 00 S f  0.0 H f 00 M 000
PRO B4872_ R f 00 S f  0.0 H f 00 M 000
ASP B4873_ R f 00 S f  0.0 H f 00 M 000
MET B4874_ R f 00 S f  0.0 H f 00 M 000
LYS B4875_ R f 00 S f  0.0 H f 00 M 000
CYS B4876_ R f 00 S f  0.0 H f 00 M 000
ASP B4877_ R f 00 S f  0.0 H f 00 M 000
ASP B4878_ R f 00 S f  0.0 H f 00 M 000
MET B4879_ R f 00 S f  0.0 H f 00 M 000
MET B4880_ R f 00 S f  0.0 H f 00 M 000
THR B4881_ R f 00 S f  0.0 H f 00 M 000
CYS B4882_ R f 00 S f  0.0 H f 00 M 000
TYR B4883_ R f 00 S f  0.0 H f 00 M 000
LEU B4884_ R f 00 S f  0.0 H f 00 M 000
PHE B4885_ R f 00 S f  0.0 H f 00 M 000
HIS B4886_ R f 00 S f  0.0 H f 00 M 000
MET B4887_ R f 00 S f  0.0 H f 00 M 000
TYR B4888_ R f 00 S f  0.0 H f 00 M 000
VAL B4889_ R f 00 S f  0.0 H f 00 M 000
GLY B4890_ R f 00 S f  0.0 H f 00 M 000
VAL B4891_ R f 00 S f  0.0 H f 00 M 000
ARG B4892_ R f 00 S f  0.0 H f 00 M 000
ALA B4893_ R f 00 S f  0.0 H f 00 M 000
GLY B4894_ R f 00 S f  0.0 H f 00 M 000
GLY B4895_ R f 00 S f  0.0 H f 00 M 000
GLY B4896_ R f 00 S f  0.0 H f 00 M 000
ILE B4897_ R f 00 S f  0.0 H f 00 M 000
GLY B4898_ R f 00 S f  0.0 H f 00 M 000
ASP B4899_ R f 00 S f  0.0 H f 00 M 000
GLU B4900_ R f 00 S f  0.0 H f 00 M 000
ILE B4901_ R f 00 S f  0.0 H f 00 M 000
GLU B4902_ R f 00 S f  0.0 H f 00 M 000
ASP B4903_ R f 00 S f  0.0 H f 00 M 000
PRO B4904_ R f 00 S f  0.0 H f 00 M 000
ALA B4905_ R f 00 S f  0.0 H f 00 M 000
GLY B4906_ R f 00 S f  0.0 H f 00 M 000
ASP B4907_ R f 00 S f  0.0 H f 00 M 000
GLU B4908_ R f 00 S f  0.0 H f 00 M 000
TYR B4909_ R f 00 S f  0.0 H f 00 M 000
CTR B4909_ R f 00 S f  0.0 H f 00 M 000
NTR B4910_ R f 00 S f  0.0 H f 00 M 000
GLU B4910_ R f 00 S f  0.0 H f 00 M 000
LEU B4911_ R f 00 S f  0.0 H f 00 M 000
TYR B4912_ R f 00 S f  0.0 H f 00 M 000
ARG B4913_ R f 00 S f  0.0 H f 00 M 000
VAL B4914_ R f 00 S f  0.0 H f 00 M 000
VAL B4915_ R f 00 S f  0.0 H f 00 M 000
PHE B4916_ R f 00 S f  0.0 H f 00 M 000
ASP B4917_ R f 00 S f  0.0 H f 00 M 000
ILE B4918_ R f 00 S f  0.0 H f 00 M 000
THR B4919_ R f 00 S f  0.0 H f 00 M 000
PHE B4920_ R f 00 S f  0.0 H f 00 M 000
PHE B4921_ R f 00 S f  0.0 H f 00 M 000
PHE B4922_ R f 00 S f  0.0 H f 00 M 000
PHE B4923_ R f 00 S f  0.0 H f 00 M 000
VAL B4924_ R f 00 S f  0.0 H f 00 M 000
ILE B4925_ R f 00 S f  0.0 H f 00 M 000
VAL B4926_ R f 00 S f  0.0 H f 00 M 000
ILE B4927_ R f 00 S f  0.0 H f 00 M 000
LEU B4928_ R f 00 S f  0.0 H f 00 M 000
LEU B4929_ R f 00 S f  0.0 H f 00 M 000
ALA B4930_ R f 00 S f  0.0 H f 00 M 000
ILE B4931_ R f 00 S f  0.0 H f 00 M 000
ILE B4932_ R f 00 S f  0.0 H f 00 M 000
GLN B4933_ R f 00 S f  0.0 H f 00 M 000
CTR B4933_ R f 00 S f  0.0 H f 00 M 000
NTG B4934_ R f 00 S f  0.0 H f 00 M 000
GLY B4934_ R f 00 S f  0.0 H f 00 M 000
LEU B4935_ R f 00 S f  0.0 H f 00 M 000
ILE B4936_ R f 00 S f  0.0 H f 00 M 000
ILE B4937_ R f 00 S f  0.0 H f 00 M 000
ASP B4938_ R f 00 S f  0.0 H f 00 M 000
ALA B4939_ R f 00 S f  0.0 H f 00 M 000
PHE B4940_ R f 00 S f  0.0 H f 00 M 000
GLY B4941_ R f 00 S f  0.0 H f 00 M 000
GLU B4942_ R f 00 S f  0.0 H f 00 M 000
LEU B4943_ R f 00 S f  0.0 H f 00 M 000
ARG B4944_ R f 00 S f  0.0 H f 00 M 000
ASP B4945_ R f 00 S f  0.0 H f 00 M 000
GLN B4946_ R f 00 S f  0.0 H f 00 M 000
GLN B4947_ R f 00 S f  0.0 H f 00 M 000
GLU B4948_ R f 00 S f  0.0 H f 00 M 000
GLN B4949_ R f 00 S f  0.0 H f 00 M 000
VAL B4950_ R f 00 S f  0.0 H f 00 M 000
LYS B4951_ R f 00 S f  0.0 H f 00 M 000
GLU B4952_ R f 00 S f  0.0 H f 00 M 000
ASP B4953_ R f 00 S f  0.0 H f 00 M 000
MET B4954_ R f 00 S f  0.0 H f 00 M 000
GLU B4955_ R f 00 S f  0.0 H f 00 M 000
THR B4956_ R f 00 S f  0.0 H f 00 M 000
LYS B4957_ R f 00 S f  0.0 H f 00 M 000
CYS B4958_ R f 00 S f  0.0 H f 00 M 000
PHE B4959_ R f 00 S f  0.0 H f 00 M 000
ILE B4960_ R f 00 S f  0.0 H f 00 M 000
CYS B4961_ R f 00 S f  0.0 H f 00 M 000
GLY B4962_ R f 00 S f  0.0 H f 00 M 000
ILE B4963_ R f 00 S f  0.0 H f 00 M 000
GLY B4964_ R f 00 S f  0.0 H f 00 M 000
SER B4965_ R f 00 S f  0.0 H f 00 M 000
ASP B4966_ R f 00 S f  0.0 H f 00 M 000
TYR B4967_ R f 00 S f  0.0 H f 00 M 000
PHE B4968_ R f 00 S f  0.0 H f 00 M 000
ASP B4969_ R f 00 S f  0.0 H f 00 M 000
THR B4970_ R f 00 S f  0.0 H f 00 M 000
THR B4971_ R f 00 S f  0.0 H f 00 M 000
PRO B4972_ R f 00 S f  0.0 H f 00 M 000
HIS B4973_ R f 00 S f  0.0 H f 00 M 000
GLY B4974_ R f 00 S f  0.0 H f 00 M 000
PHE B4975_ R f 00 S f  0.0 H f 00 M 000
GLU B4976_ R f 00 S f  0.0 H f 00 M 000
THR B4977_ R f 00 S f  0.0 H f 00 M 000
HIS B4978_ R f 00 S f  0.0 H f 00 M 000
THR B4979_ R f 00 S f  0.0 H f 00 M 000
LEU B4980_ R f 00 S f  0.0 H f 00 M 000
GLU B4981_ R f 00 S f  0.0 H f 00 M 000
GLU B4982_ R f 00 S f  0.0 H f 00 M 000
HIS B4983_ R f 00 S f  0.0 H f 00 M 000
ASN B4984_ R f 00 S f  0.0 H f 00 M 000
LEU B4985_ R f 00 S f  0.0 H f 00 M 000
ALA B4986_ R f 00 S f  0.0 H f 00 M 000
ASN B4987_ R f 00 S f  0.0 H f 00 M 000
TYR B4988_ R f 00 S f  0.0 H f 00 M 000
MET B4989_ R f 00 S f  0.0 H f 00 M 000
PHE B4990_ R f 00 S f  0.0 H f 00 M 000
PHE B4991_ R f 00 S f  0.0 H f 00 M 000
LEU B4992_ R f 00 S f  0.0 H f 00 M 000
MET B4993_ R f 00 S f  0.0 H f 00 M 000
TYR B4994_ R f 00 S f  0.0 H f 00 M 000
LEU B4995_ R f 00 S f  0.0 H f 00 M 000
ILE B4996_ R f 00 S f  0.0 H f 00 M 000
ASN B4997_ R f 00 S f  0.0 H f 00 M 000
LYS B4998_ R f 00 S f  0.0 H f 00 M 000
ASP B4999_ R f 00 S f  0.0 H f 00 M 000
GLU B5000_ R f 00 S f  0.0 H f 00 M 000
THR B5001_ R f 00 S f  0.0 H f 00 M 000
GLU B5002_ R f 00 S f  0.0 H f 00 M 000
HIS B5003_ R f 00 S f  0.0 H f 00 M 000
THR B5004_ R f 00 S f  0.0 H f 00 M 000
GLY B5005_ R f 00 S f  0.0 H f 00 M 000
GLN B5006_ R f 00 S f  0.0 H f 00 M 000
GLU B5007_ R f 00 S f  0.0 H f 00 M 000
SER B5008_ R f 00 S f  0.0 H f 00 M 000
TYR B5009_ R f 00 S f  0.0 H f 00 M 000
VAL B5010_ R f 00 S f  0.0 H f 00 M 000
TRP B5011_ R f 00 S f  0.0 H f 00 M 000
LYS B5012_ R f 00 S f  0.0 H f 00 M 000
MET B5013_ R f 00 S f  0.0 H f 00 M 000
TYR B5014_ R f 00 S f  0.0 H f 00 M 000
GLN B5015_ R f 00 S f  0.0 H f 00 M 000
GLU B5016_ R f 00 S f  0.0 H f 00 M 000
ARG B5017_ R f 00 S f  0.0 H f 00 M 000
CYS B5018_ R f 00 S f  0.0 H f 00 M 000
TRP B5019_ R f 00 S f  0.0 H f 00 M 000
ASP B5020_ R f 00 S f  0.0 H f 00 M 000
PHE B5021_ R f 00 S f  0.0 H f 00 M 000
PHE B5022_ R f 00 S f  0.0 H f 00 M 000
PRO B5023_ R f 00 S f  0.0 H f 00 M 000
ALA B5024_ R f 00 S f  0.0 H f 00 M 000
GLY B5025_ R f 00 S f  0.0 H f 00 M 000
ASP B5026_ R f 00 S f  0.0 H f 00 M 000
CYS B5027_ R f 00 S f  0.0 H f 00 M 000
PHE B5028_ R f 00 S f  0.0 H f 00 M 000
ARG B5029_ R f 00 S f  0.0 H f 00 M 000
LYS B5030_ R f 00 S f  0.0 H f 00 M 000
GLN B5031_ R f 00 S f  0.0 H f 00 M 000
TYR B5032_ R f 00 S f  0.0 H f 00 M 000
GLU B5033_ R f 00 S f  0.0 H f 00 M 000
ASP B5034_ R f 00 S f  0.0 H f 00 M 000
GLN B5035_ R f 00 S f  0.0 H f 00 M 000
LEU B5036_ R f 00 S f  0.0 H f 00 M 000
SER B5037_ R f 00 S f  0.0 H f 00 M 000
CTR B5037_ R f 00 S f  0.0 H f 00 M 000
_CA B7000_ R f 00 S f  0.0 H f 00 M 000
