pH             7
NTR+B3614_  0.38
LYS+B3614_  1.00
LYS+B3616_  0.01
LYS+B3617_  1.00
HIS+B3621_  0.00
LYS+B3622_  1.00
LYS+B3626_  0.08
ARG+B3628_  1.00
ARG+B3629_  0.00
ARG+B3630_  0.00
CYS-B3635_ -0.00
ARG+B3637_  0.00
TYR-B3642_ -0.00
HIS+B3647_  0.01
ARG+B3648_  1.00
CYS-B3650_ -0.00
GLU-B3655_ -1.00
TYR-B3657_ -0.00
LYS+B3658_  1.00
GLU-B3665_ -0.99
ASP-B3666_ -1.00
HIS+B3667_  0.99
GLU-B3670_ -1.00
ASP-B3671_ -0.87
ARG+B3672_  0.00
ASP-B3675_ -0.48
ASP-B3676_ -0.98
LYS+B3679_  1.00
GLU-B3682_ -0.99
GLU-B3684_ -0.96
GLU-B3685_ -0.99
GLU-B3686_ -1.00
GLU-B3687_ -0.97
GLU-B3688_ -0.98
GLU-B3689_ -0.97
GLU-B3691_ -0.98
GLU-B3692_ -0.99
LYS+B3693_  1.00
LYS+B3694_  1.00
ASP-B3696_ -1.00
HIS+B3699_  0.00
HIS+B3704_  0.31
ARG+B3707_  1.00
GLU-B3712_ -1.00
LYS+B3713_  1.00
LYS+B3715_  1.00
ASP-B3717_ -1.00
GLU-B3718_ -0.99
ASP-B3719_ -1.00
TYR-B3720_ -0.00
TYR-B3722_ -0.00
TYR-B3725_ -0.00
ASP-B3727_ -1.00
LYS+B3731_  1.00
CYS-B3733_ -0.00
HIS+B3734_  0.00
GLU-B3736_ -0.00
GLU-B3737_ -0.19
GLU-B3740_ -0.17
CTR-B3741_ -1.00
NTR+B3747_  0.97
GLU-B3747_ -0.99
GLU-B3748_ -0.90
GLU-B3750_ -0.78
GLU-B3754_ -0.85
GLU-B3755_ -0.59
LYS+B3756_  1.00
GLU-B3757_ -0.97
GLU-B3759_ -0.82
LYS+B3760_  1.00
ARG+B3762_  1.00
TYR-B3765_ -0.00
ARG+B3769_  1.00
HIS+B3771_  0.01
ARG+B3773_  1.00
GLU-B3777_ -0.98
CYS-B3786_ -0.00
LYS+B3787_  1.00
GLU-B3789_ -0.99
LYS+B3799_  1.00
GLU-B3811_ -1.00
LYS+B3815_  1.00
ASP-B3818_ -0.99
TYR-B3819_ -0.00
LYS+B3821_  1.00
ASP-B3822_ -1.00
LYS+B3823_  1.00
LYS+B3824_  1.00
GLU-B3825_ -0.93
CYS-B3839_ -0.00
ASP-B3843_ -0.95
GLU-B3848_ -0.98
ARG+B3849_  1.00
LYS+B3852_  1.00
GLU-B3854_ -0.97
GLU-B3861_ -0.99
ASP-B3862_ -0.84
ARG+B3868_  0.00
GLU-B3872_ -0.99
LYS+B3873_  0.00
ASP-B3877_ -0.05
ASP-B3878_ -0.73
GLU-B3879_ -1.00
ASP-B3883_ -0.15
ARG+B3886_  1.00
CYS-B3892_ -0.00
GLU-B3893_ -1.00
HIS+B3895_  0.00
ASP-B3898_ -1.00
TYR-B3902_ -0.00
ARG+B3904_  1.00
CYS-B3918_ -0.00
ASP-B3921_ -0.99
TYR-B3922_ -0.00
ARG+B3925_  1.00
GLU-B3928_ -1.00
ASP-B3932_ -0.94
TYR-B3934_ -0.00
TYR-B3936_ -0.00
TYR-B3937_ -0.00
LYS+B3940_  1.00
ASP-B3941_ -1.00
GLU-B3944_ -1.00
GLU-B3945_ -1.00
LYS+B3948_  0.97
ARG+B3949_  1.00
LYS+B3953_  0.88
LYS+B3959_  1.00
GLU-B3967_ -1.00
TYR-B3968_ -0.00
CYS-B3973_ -0.00
HIS+B3982_  0.59
ARG+B3984_  1.00
ASP-B3987_ -1.00
HIS+B3994_  0.83
HIS+B3998_  0.00
LYS+B4002_  0.07
ASP-B4006_ -0.81
GLU-B4011_ -1.00
LYS+B4014_  1.00
GLU-B4015_ -0.91
ASP-B4018_ -0.96
LYS+B4021_  1.00
ASP-B4022_ -0.78
GLU-B4032_ -0.00
ARG+B4042_  1.00
ASP-B4046_ -1.00
GLU-B4050_ -0.63
GLU-B4056_ -1.00
LYS+B4060_  1.00
CTR-B4062_ -1.00
NTR+B4063_  1.00
ASP-B4063_ -1.00
LYS+B4067_  1.00
LYS+B4069_  1.00
ASP-B4070_ -1.00
GLU-B4075_ -0.92
ASP-B4079_ -0.95
TYR-B4080_ -0.00
ASP-B4083_ -1.00
ARG+B4085_  1.00
LYS+B4090_  1.00
LYS+B4091_  1.00
ASP-B4092_ -0.98
LYS+B4095_  1.00
ASP-B4098_ -0.97
LYS+B4101_  1.00
GLU-B4107_ -0.94
CYS-B4114_ -0.00
GLU-B4116_ -1.00
ASP-B4118_ -0.93
GLU-B4119_ -1.00
GLU-B4121_ -0.97
GLU-B4126_ -1.00
GLU-B4127_ -0.94
ARG+B4131_  1.00
GLU-B4134_ -0.99
CTR-B4135_ -1.00
NTR+B4136_  1.00
ARG+B4137_  1.00
ASP-B4138_ -0.96
GLU-B4152_ -1.00
HIS+B4153_  0.99
HIS+B4156_  0.73
ASP-B4157_ -0.98
ARG+B4159_  1.00
ARG+B4161_  1.00
GLU-B4165_ -0.99
GLU-B4168_ -0.99
GLU-B4172_ -0.95
TYR-B4173_ -0.00
ARG+B4175_  1.00
CTR-B4176_ -1.00
NTR+B4177_  1.00
TYR-B4177_ -0.00
ARG+B4180_  1.00
GLU-B4182_ -0.01
ARG+B4188_  1.00
ARG+B4189_  1.00
GLU-B4191_ -1.00
ARG+B4192_  1.00
TYR-B4194_ -0.00
GLU-B4196_ -1.00
GLU-B4199_ -0.99
ARG+B4202_  1.00
GLU-B4206_ -1.00
LYS+B4211_  1.00
GLU-B4212_ -1.00
LYS+B4214_  1.00
ARG+B4215_  1.00
ASP-B4220_ -0.94
GLU-B4224_ -1.00
GLU-B4227_ -1.00
GLU-B4229_ -1.00
LYS+B4230_  1.00
GLU-B4232_ -1.00
CYS-B4238_ -0.00
GLU-B4239_ -1.00
ASP-B4240_ -0.93
GLU-B4244_ -0.46
GLU-B4253_ -1.00
CTR-B4253_ -0.00
NTR+B4540_  0.00
GLU-B4543_ -0.99
GLU-B4545_ -1.00
ARG+B4548_  1.00
LYS+B4550_  0.00
TYR-B4554_ -0.01
ARG+B4557_  1.00
TYR-B4560_ -0.00
ARG+B4563_  1.00
TYR-B4580_ -0.00
LYS+B4581_  1.00
ASP-B4584_ -1.00
CTR-B4587_ -1.00
NTR+B4626_  0.84
TYR-B4629_ -0.00
TYR-B4630_ -0.00
GLU-B4633_ -0.98
GLU-B4634_ -1.00
TYR-B4638_ -0.00
GLU-B4640_ -0.92
CYS-B4645_ -0.01
HIS+B4650_  0.72
CYS-B4657_ -0.00
TYR-B4661_ -0.00
CYS-B4663_ -0.00
LYS+B4665_  1.00
LYS+B4672_  1.00
ARG+B4673_  1.00
GLU-B4674_ -0.00
LYS+B4675_  1.00
GLU-B4676_ -1.00
ARG+B4679_  1.00
LYS+B4680_  1.00
GLU-B4682_ -0.99
ASP-B4684_ -0.82
TYR-B4687_ -0.00
GLU-B4690_ -0.77
ASP-B4694_ -1.00
ASP-B4695_ -0.99
ASP-B4696_ -1.00
LYS+B4698_  1.00
ASP-B4702_ -1.00
ARG+B4703_  1.00
TYR-B4715_ -0.00
ASP-B4717_ -1.00
LYS+B4718_  1.00
LYS+B4721_  1.00
ARG+B4722_  1.00
LYS+B4723_  1.00
ASP-B4726_ -1.00
LYS+B4727_  1.00
HIS+B4728_  0.02
ASP-B4730_ -1.00
ARG+B4734_  1.00
GLU-B4735_ -0.99
ARG+B4736_  1.00
GLU-B4739_ -0.99
ASP-B4744_ -1.00
GLU-B4749_ -1.00
HIS+B4753_  0.00
GLU-B4755_ -0.38
ARG+B4756_  0.00
LYS+B4757_  1.00
ASP-B4759_ -1.00
ASP-B4772_ -1.00
LYS+B4774_  1.00
TYR-B4775_ -0.00
LYS+B4779_  1.00
ASP-B4786_ -1.00
TYR-B4791_ -0.00
TYR-B4795_ -0.00
HIS+B4803_  0.01
TYR-B4804_ -0.00
HIS+B4812_  0.14
ASP-B4815_ -0.99
LYS+B4821_  1.00
ARG+B4824_  1.00
HIS+B4832_  0.55
LYS+B4835_  1.00
TYR-B4849_ -0.00
TYR-B4851_ -0.00
ARG+B4860_  0.00
LYS+B4861_  1.00
TYR-B4863_ -0.00
LYS+B4865_  1.00
GLU-B4867_ -0.73
ASP-B4868_ -0.92
GLU-B4869_ -0.98
ASP-B4870_ -0.00
GLU-B4871_ -0.86
ASP-B4873_ -1.00
LYS+B4875_  0.00
CYS-B4876_ -0.00
ASP-B4877_ -1.00
ASP-B4878_ -0.94
CYS-B4882_ -0.00
TYR-B4883_ -0.00
HIS+B4886_  0.00
TYR-B4888_ -0.01
ARG+B4892_  1.00
ASP-B4899_ -0.96
GLU-B4900_ -0.01
GLU-B4902_ -0.95
ASP-B4903_ -1.00
ASP-B4907_ -1.00
GLU-B4908_ -0.99
TYR-B4909_ -0.00
CTR-B4909_ -1.00
NTR+B4910_  1.00
GLU-B4910_ -0.99
TYR-B4912_ -0.00
ARG+B4913_  1.00
ASP-B4917_ -1.00
CTR-B4933_ -1.00
NTG+B4934_  1.00
ASP-B4938_ -1.00
GLU-B4942_ -0.83
ARG+B4944_  1.00
ASP-B4945_ -0.86
GLU-B4948_ -1.00
LYS+B4951_  1.00
GLU-B4952_ -0.99
ASP-B4953_ -0.98
GLU-B4955_ -0.99
LYS+B4957_  1.00
CYS-B4958_ -0.99
CYS-B4961_ -0.00
ASP-B4966_ -1.00
TYR-B4967_ -0.00
ASP-B4969_ -0.98
HIS+B4973_  0.80
GLU-B4976_ -1.00
HIS+B4978_  0.07
GLU-B4981_ -0.98
GLU-B4982_ -0.98
HIS+B4983_  0.00
TYR-B4988_ -0.00
TYR-B4994_ -0.00
LYS+B4998_  1.00
ASP-B4999_ -0.99
GLU-B5000_ -1.00
GLU-B5002_ -0.94
HIS+B5003_  0.90
GLU-B5007_ -1.00
TYR-B5009_ -0.00
LYS+B5012_  0.99
TYR-B5014_ -0.00
GLU-B5016_ -1.00
ARG+B5017_  1.00
CYS-B5018_ -0.00
ASP-B5020_ -1.00
ASP-B5026_ -0.81
CYS-B5027_ -0.67
ARG+B5029_  1.00
LYS+B5030_  1.00
TYR-B5032_ -0.00
GLU-B5033_ -0.99
ASP-B5034_ -0.99
CTR-B5037_ -1.00
_CA+B7000_  0.00
----------
Net_Charge -48.09
Protons    -48.09
Electrons   0.00
